27 Apr 2017, 19:49:03.310 [   INFO] [   FXGL.SystemLogger] [                     main] System Logger is initialized
27 Apr 2017, 19:49:03.322 [  FINER] [   FXGL.SystemLogger] [                     main] Logging System Info
27 Apr 2017, 19:49:03.322 [  FINER] [   FXGL.SystemLogger] [                     main] CPU cores: 8
27 Apr 2017, 19:49:03.325 [  FINER] [   FXGL.SystemLogger] [                     main] Free Memory: 231MB
27 Apr 2017, 19:49:03.325 [  FINER] [   FXGL.SystemLogger] [                     main] Max Memory: 3544MB
27 Apr 2017, 19:49:03.326 [  FINER] [   FXGL.SystemLogger] [                     main] Total Memory: 240MB
27 Apr 2017, 19:49:03.326 [  FINER] [   FXGL.SystemLogger] [                     main] System Properties:
27 Apr 2017, 19:49:03.327 [  FINER] [   FXGL.SystemLogger] [                     main] sun.cpu.isalist=
27 Apr 2017, 19:49:03.328 [  FINER] [   FXGL.SystemLogger] [                     main] sun.desktop=gnome
27 Apr 2017, 19:49:03.328 [  FINER] [   FXGL.SystemLogger] [                     main] sun.io.unicode.encoding=UnicodeLittle
27 Apr 2017, 19:49:03.328 [  FINER] [   FXGL.SystemLogger] [                     main] sun.cpu.endian=little
27 Apr 2017, 19:49:03.329 [  FINER] [   FXGL.SystemLogger] [                     main] java.vendor.url.bug=http://bugreport.sun.com/bugreport/
27 Apr 2017, 19:49:03.329 [  FINER] [   FXGL.SystemLogger] [                     main] file.separator=/
27 Apr 2017, 19:49:03.329 [  FINER] [   FXGL.SystemLogger] [                     main] java.vendor=Oracle Corporation
27 Apr 2017, 19:49:03.330 [  FINER] [   FXGL.SystemLogger] [                     main] sun.boot.class.path=/home/vidhur2k/Downloads/JDK/jdk1.8.0_101/jre/lib/resources.jar:/home/vidhur2k/Downloads/JDK/jdk1.8.0_101/jre/lib/rt.jar:/home/vidhur2k/Downloads/JDK/jdk1.8.0_101/jre/lib/sunrsasign.jar:/home/vidhur2k/Downloads/JDK/jdk1.8.0_101/jre/lib/jsse.jar:/home/vidhur2k/Downloads/JDK/jdk1.8.0_101/jre/lib/jce.jar:/home/vidhur2k/Downloads/JDK/jdk1.8.0_101/jre/lib/charsets.jar:/home/vidhur2k/Downloads/JDK/jdk1.8.0_101/jre/lib/jfr.jar:/home/vidhur2k/Downloads/JDK/jdk1.8.0_101/jre/classes
27 Apr 2017, 19:49:03.330 [  FINER] [   FXGL.SystemLogger] [                     main] java.ext.dirs=/home/vidhur2k/Downloads/JDK/jdk1.8.0_101/jre/lib/ext:/usr/java/packages/lib/ext
27 Apr 2017, 19:49:03.330 [  FINER] [   FXGL.SystemLogger] [                     main] java.version=1.8.0_101
27 Apr 2017, 19:49:03.330 [  FINER] [   FXGL.SystemLogger] [                     main] java.vm.info=mixed mode
27 Apr 2017, 19:49:03.331 [  FINER] [   FXGL.SystemLogger] [                     main] awt.toolkit=sun.awt.X11.XToolkit
27 Apr 2017, 19:49:03.331 [  FINER] [   FXGL.SystemLogger] [                     main] user.language=en
27 Apr 2017, 19:49:03.331 [  FINER] [   FXGL.SystemLogger] [                     main] java.specification.vendor=Oracle Corporation
27 Apr 2017, 19:49:03.332 [  FINER] [   FXGL.SystemLogger] [                     main] sun.java.command=com.intellij.rt.execution.application.AppMain com.vidhur2k.SpaceInvaders.SpaceInvadersApp
27 Apr 2017, 19:49:03.332 [  FINER] [   FXGL.SystemLogger] [                     main] java.home=/home/vidhur2k/Downloads/JDK/jdk1.8.0_101/jre
27 Apr 2017, 19:49:03.332 [  FINER] [   FXGL.SystemLogger] [                     main] sun.arch.data.model=64
27 Apr 2017, 19:49:03.332 [  FINER] [   FXGL.SystemLogger] [                     main] java.vm.specification.version=1.8
27 Apr 2017, 19:49:03.333 [  FINER] [   FXGL.SystemLogger] [                     main] java.class.path=/home/vidhur2k/Downloads/JDK/jdk1.8.0_101/jre/lib/charsets.jar:/home/vidhur2k/Downloads/JDK/jdk1.8.0_101/jre/lib/deploy.jar:/home/vidhur2k/Downloads/JDK/jdk1.8.0_101/jre/lib/ext/cldrdata.jar:/home/vidhur2k/Downloads/JDK/jdk1.8.0_101/jre/lib/ext/dnsns.jar:/home/vidhur2k/Downloads/JDK/jdk1.8.0_101/jre/lib/ext/jaccess.jar:/home/vidhur2k/Downloads/JDK/jdk1.8.0_101/jre/lib/ext/jfxrt.jar:/home/vidhur2k/Downloads/JDK/jdk1.8.0_101/jre/lib/ext/localedata.jar:/home/vidhur2k/Downloads/JDK/jdk1.8.0_101/jre/lib/ext/nashorn.jar:/home/vidhur2k/Downloads/JDK/jdk1.8.0_101/jre/lib/ext/sunec.jar:/home/vidhur2k/Downloads/JDK/jdk1.8.0_101/jre/lib/ext/sunjce_provider.jar:/home/vidhur2k/Downloads/JDK/jdk1.8.0_101/jre/lib/ext/sunpkcs11.jar:/home/vidhur2k/Downloads/JDK/jdk1.8.0_101/jre/lib/ext/zipfs.jar:/home/vidhur2k/Downloads/JDK/jdk1.8.0_101/jre/lib/javaws.jar:/home/vidhur2k/Downloads/JDK/jdk1.8.0_101/jre/lib/jce.jar:/home/vidhur2k/Downloads/JDK/jdk1.8.0_101/jre/lib/jfr.jar:/home/vidhur2k/Downloads/JDK/jdk1.8.0_101/jre/lib/jfxswt.jar:/home/vidhur2k/Downloads/JDK/jdk1.8.0_101/jre/lib/jsse.jar:/home/vidhur2k/Downloads/JDK/jdk1.8.0_101/jre/lib/management-agent.jar:/home/vidhur2k/Downloads/JDK/jdk1.8.0_101/jre/lib/plugin.jar:/home/vidhur2k/Downloads/JDK/jdk1.8.0_101/jre/lib/resources.jar:/home/vidhur2k/Downloads/JDK/jdk1.8.0_101/jre/lib/rt.jar:/home/vidhur2k/Documents/Java Projects/SpaceInvaders/out/production/SpaceInvaders:/home/vidhur2k/Documents/Java Projects/SpaceInvaders/lib/fxgl-0.2.9-uber.jar:/home/vidhur2k/Downloads/idea-IC-163.11103.6/lib/idea_rt.jar
27 Apr 2017, 19:49:03.333 [  FINER] [   FXGL.SystemLogger] [                     main] user.name=vidhur2k
27 Apr 2017, 19:49:03.333 [  FINER] [   FXGL.SystemLogger] [                     main] file.encoding=UTF-8
27 Apr 2017, 19:49:03.334 [  FINER] [   FXGL.SystemLogger] [                     main] idea.launcher.bin.path=/home/vidhur2k/Downloads/idea-IC-163.11103.6/bin
27 Apr 2017, 19:49:03.334 [  FINER] [   FXGL.SystemLogger] [                     main] java.specification.version=1.8
27 Apr 2017, 19:49:03.334 [  FINER] [   FXGL.SystemLogger] [                     main] java.awt.printerjob=sun.print.PSPrinterJob
27 Apr 2017, 19:49:03.334 [  FINER] [   FXGL.SystemLogger] [                     main] user.timezone=America/New_York
27 Apr 2017, 19:49:03.335 [  FINER] [   FXGL.SystemLogger] [                     main] user.home=/home/vidhur2k
27 Apr 2017, 19:49:03.335 [  FINER] [   FXGL.SystemLogger] [                     main] os.version=4.4.0-72-generic
27 Apr 2017, 19:49:03.335 [  FINER] [   FXGL.SystemLogger] [                     main] sun.management.compiler=HotSpot 64-Bit Tiered Compilers
27 Apr 2017, 19:49:03.335 [  FINER] [   FXGL.SystemLogger] [                     main] java.specification.name=Java Platform API Specification
27 Apr 2017, 19:49:03.336 [  FINER] [   FXGL.SystemLogger] [                     main] java.class.version=52.0
27 Apr 2017, 19:49:03.336 [  FINER] [   FXGL.SystemLogger] [                     main] java.library.path=/home/vidhur2k/Downloads/idea-IC-163.11103.6/bin::/usr/java/packages/lib/amd64:/usr/lib64:/lib64:/lib:/usr/lib
27 Apr 2017, 19:49:03.336 [  FINER] [   FXGL.SystemLogger] [                     main] sun.jnu.encoding=UTF-8
27 Apr 2017, 19:49:03.336 [  FINER] [   FXGL.SystemLogger] [                     main] os.name=Linux
27 Apr 2017, 19:49:03.337 [  FINER] [   FXGL.SystemLogger] [                     main] java.vm.specification.vendor=Oracle Corporation
27 Apr 2017, 19:49:03.337 [  FINER] [   FXGL.SystemLogger] [                     main] java.io.tmpdir=/tmp
27 Apr 2017, 19:49:03.337 [  FINER] [   FXGL.SystemLogger] [                     main] line.separator=

27 Apr 2017, 19:49:03.337 [  FINER] [   FXGL.SystemLogger] [                     main] java.endorsed.dirs=/home/vidhur2k/Downloads/JDK/jdk1.8.0_101/jre/lib/endorsed
27 Apr 2017, 19:49:03.338 [  FINER] [   FXGL.SystemLogger] [                     main] os.arch=amd64
27 Apr 2017, 19:49:03.338 [  FINER] [   FXGL.SystemLogger] [                     main] java.awt.graphicsenv=sun.awt.X11GraphicsEnvironment
27 Apr 2017, 19:49:03.338 [  FINER] [   FXGL.SystemLogger] [                     main] java.runtime.version=1.8.0_101-b13
27 Apr 2017, 19:49:03.338 [  FINER] [   FXGL.SystemLogger] [                     main] java.vm.specification.name=Java Virtual Machine Specification
27 Apr 2017, 19:49:03.339 [  FINER] [   FXGL.SystemLogger] [                     main] user.dir=/home/vidhur2k/Documents/Java Projects/SpaceInvaders
27 Apr 2017, 19:49:03.339 [  FINER] [   FXGL.SystemLogger] [                     main] user.country=US
27 Apr 2017, 19:49:03.339 [  FINER] [   FXGL.SystemLogger] [                     main] sun.java.launcher=SUN_STANDARD
27 Apr 2017, 19:49:03.339 [  FINER] [   FXGL.SystemLogger] [                     main] sun.os.patch.level=unknown
27 Apr 2017, 19:49:03.340 [  FINER] [   FXGL.SystemLogger] [                     main] idea.launcher.port=7537
27 Apr 2017, 19:49:03.340 [  FINER] [   FXGL.SystemLogger] [                     main] java.vm.name=Java HotSpot(TM) 64-Bit Server VM
27 Apr 2017, 19:49:03.340 [  FINER] [   FXGL.SystemLogger] [                     main] file.encoding.pkg=sun.io
27 Apr 2017, 19:49:03.341 [  FINER] [   FXGL.SystemLogger] [                     main] path.separator=:
27 Apr 2017, 19:49:03.341 [  FINER] [   FXGL.SystemLogger] [                     main] java.vm.vendor=Oracle Corporation
27 Apr 2017, 19:49:03.342 [  FINER] [   FXGL.SystemLogger] [                     main] java.vendor.url=http://java.oracle.com/
27 Apr 2017, 19:49:03.342 [  FINER] [   FXGL.SystemLogger] [                     main] sun.boot.library.path=/home/vidhur2k/Downloads/JDK/jdk1.8.0_101/jre/lib/amd64
27 Apr 2017, 19:49:03.342 [  FINER] [   FXGL.SystemLogger] [                     main] java.vm.version=25.101-b13
27 Apr 2017, 19:49:03.343 [  FINER] [   FXGL.SystemLogger] [                     main] java.runtime.name=Java(TM) SE Runtime Environment
27 Apr 2017, 19:49:03.348 [   INFO] [   FXGL.SystemLogger] [                     main] FXGL-0.2.9
27 Apr 2017, 19:49:03.349 [   INFO] [   FXGL.SystemLogger] [                     main] Source code and latest versions at: https://github.com/AlmasB/FXGL
27 Apr 2017, 19:49:03.349 [   INFO] [   FXGL.SystemLogger] [                     main]              Join the FXGL chat at: https://gitter.im/AlmasB/FXGL
27 Apr 2017, 19:49:03.501 [  FINER] [   FXGL.SystemLogger] [JavaFX Application Thread] Starting JavaFX
27 Apr 2017, 19:49:03.502 [  FINER] [   FXGL.SystemLogger] [          JavaFX-Launcher] Initializing FXGL
27 Apr 2017, 19:49:03.519 [  FINER] [   FXGL.SystemLogger] [JavaFX Application Thread] Starting FXGL
27 Apr 2017, 19:49:03.790 [  FINER] [   FXGL.SystemLogger] [     FXGL Launcher Thread] Configuring FXGL
27 Apr 2017, 19:49:03.790 [  FINER] [   FXGL.SystemLogger] [     FXGL Launcher Thread] Initializing system properties
27 Apr 2017, 19:49:03.823 [  FINER] [   FXGL.SystemLogger] [     FXGL Launcher Thread] sound.notification = system/notification.wav
27 Apr 2017, 19:49:03.823 [  FINER] [   FXGL.SystemLogger] [     FXGL Launcher Thread] url.storage = https://raw.githubusercontent.com/AlmasB/git-server/master/storage/
27 Apr 2017, 19:49:03.824 [  FINER] [   FXGL.SystemLogger] [     FXGL Launcher Thread] asset.cache.size = 35
27 Apr 2017, 19:49:03.824 [  FINER] [   FXGL.SystemLogger] [     FXGL Launcher Thread] fs.profiledir = profiles/
27 Apr 2017, 19:49:03.825 [  FINER] [   FXGL.SystemLogger] [     FXGL Launcher Thread] url.pom = https://raw.githubusercontent.com/AlmasB/FXGL/master/pom.xml
27 Apr 2017, 19:49:03.825 [  FINER] [   FXGL.SystemLogger] [     FXGL Launcher Thread] dev.showbbox = false
27 Apr 2017, 19:49:03.825 [  FINER] [   FXGL.SystemLogger] [     FXGL Launcher Thread] fs.datafile.ext = .dat
27 Apr 2017, 19:49:03.826 [  FINER] [   FXGL.SystemLogger] [     FXGL Launcher Thread] sound.menu.back = menu/back.wav
27 Apr 2017, 19:49:03.826 [  FINER] [   FXGL.SystemLogger] [     FXGL Launcher Thread] sound.menu.select = menu/select.wav
27 Apr 2017, 19:49:03.826 [  FINER] [   FXGL.SystemLogger] [     FXGL Launcher Thread] url.github = https://github.com/AlmasB/FXGL
27 Apr 2017, 19:49:03.826 [  FINER] [   FXGL.SystemLogger] [     FXGL Launcher Thread] url.surveymonkey = https://www.surveymonkey.co.uk/r/BH6LLPM
27 Apr 2017, 19:49:03.827 [  FINER] [   FXGL.SystemLogger] [     FXGL Launcher Thread] physics.ppm = 50.0
27 Apr 2017, 19:49:03.827 [  FINER] [   FXGL.SystemLogger] [     FXGL Launcher Thread] ui.css = fxgl.css
27 Apr 2017, 19:49:03.828 [  FINER] [   FXGL.SystemLogger] [     FXGL Launcher Thread] version.check.days = 7
27 Apr 2017, 19:49:03.828 [  FINER] [   FXGL.SystemLogger] [     FXGL Launcher Thread] fs.savefile.ext = .sav
27 Apr 2017, 19:49:03.828 [  FINER] [   FXGL.SystemLogger] [     FXGL Launcher Thread] pooling.initialSize = 128
27 Apr 2017, 19:49:03.828 [  FINER] [   FXGL.SystemLogger] [     FXGL Launcher Thread] ui.font = Copperplate_Gothic_Light_Regular.ttf
27 Apr 2017, 19:49:03.829 [  FINER] [   FXGL.SystemLogger] [     FXGL Launcher Thread] fs.savedir = saves/
27 Apr 2017, 19:49:03.829 [  FINER] [   FXGL.SystemLogger] [     FXGL Launcher Thread] fs.profilename = user.profile
27 Apr 2017, 19:49:03.829 [  FINER] [   FXGL.SystemLogger] [     FXGL Launcher Thread] ui.icon.name = fxgl_icon.png
27 Apr 2017, 19:49:03.829 [  FINER] [   FXGL.SystemLogger] [     FXGL Launcher Thread] url.googleforms = https://goo.gl/forms/6wrMnOBxTE1fEpOy2
27 Apr 2017, 19:49:03.829 [  FINER] [   FXGL.SystemLogger] [     FXGL Launcher Thread] sound.menu.press = menu/press.wav
27 Apr 2017, 19:49:03.830 [  FINER] [   FXGL.SystemLogger] [     FXGL Launcher Thread] Initializing user properties
27 Apr 2017, 19:49:03.830 [   INFO] [   FXGL.SystemLogger] [     FXGL Launcher Thread] User properties not found. Using system
27 Apr 2017, 19:49:03.830 [  FINER] [   FXGL.SystemLogger] [     FXGL Launcher Thread] Initializing app settings
27 Apr 2017, 19:49:03.839 [  FINER] [   FXGL.SystemLogger] [     FXGL Launcher Thread] Logging settings
Title: Space Invaders
Version: 0.1
Width: 800
Height: 600
Fullscreen: false
Intro: false
Menus: false
Profiling: false
App Mode: DEVELOPER
Menu Style: FXGL_DEFAULT
Menu Key: ESCAPE
Services: []
27 Apr 2017, 19:49:04.469 [  FINER] [   FXGL.SystemLogger] [     FXGL Launcher Thread] FXGL configuration complete
27 Apr 2017, 19:49:04.470 [   INFO] [   FXGL.SystemLogger] [     FXGL Launcher Thread] FXGL configuration took:  0.679 sec
27 Apr 2017, 19:49:04.472 [  FINER] [   FXGL.SystemLogger] [JavaFX Application Thread] Running task: UpdaterTask
27 Apr 2017, 19:49:04.477 [  FINER] [   FXGL.SystemLogger] [     FXGL Launcher Thread] Running task: PreInitTask
27 Apr 2017, 19:49:04.540 [  FINER] [   FXGL.SystemLogger] [     FXGL Launcher Thread] Running task: InitScenesTask
27 Apr 2017, 19:49:04.632 [  FINER] [   FXGL.SystemLogger] [     FXGL Launcher Thread] Running task: InitEventHandlersTask
27 Apr 2017, 19:49:04.641 [  FINER] [   FXGL.SystemLogger] [     FXGL Launcher Thread] Running task: InitProfilerTask
27 Apr 2017, 19:49:04.646 [  FINER] [   FXGL.SystemLogger] [     FXGL Launcher Thread] Pausing main loop
27 Apr 2017, 19:49:04.649 [  FINER] [   FXGL.SystemLogger] [     FXGL Launcher Thread] Resetting FXGL application
27 Apr 2017, 19:49:04.727 [   INFO] [   FXGL.SystemLogger] [     FXGL Launcher Thread] Game configuration took:  0.250 sec
27 Apr 2017, 19:49:05.645 [   INFO] [   FXGL.SystemLogger] [ FXGL Background Thread 1] Game initialization took: 0.918 sec
27 Apr 2017, 19:49:05.647 [  FINER] [   FXGL.SystemLogger] [JavaFX Application Thread] Resuming main loop
