20:38:24.320 [FXGL Launcher Thread     ] DEBUG FXGLLoggerFactory    - Service [LoggerFactory] initialized
20:38:24.324 [FXGL Launcher Thread     ] DEBUG FXGL                 - FXGL configuration complete
20:38:24.324 [FXGL Launcher Thread     ] DEBUG FXGL                 - Loading FXGL system data
20:38:24.326 [FXGL Launcher Thread     ] DEBUG IOTask               - Executing task: readDataTask(system/fxgl.bundle)
20:38:24.328 [FXGL Launcher Thread     ] DEBUG FS                   - Reading from: system/fxgl.bundle
20:38:24.333 [FXGL Launcher Thread     ] DEBUG IOTask               - Task succeeded: readDataTask(system/fxgl.bundle)
20:38:24.333 [FXGL Launcher Thread     ] DEBUG Bundle               - Logging bundle: FXGL
20:38:24.333 [FXGL Launcher Thread     ] DEBUG Bundle               - FXGL.offline.timer.version.check=2017-04-27T18:48:47.605
20:38:24.347 [FXGL Launcher Thread     ] DEBUG GameApplication      - Configuring GameApplication
20:38:24.352 [FXGL Launcher Thread     ] DEBUG FXGLExceptionHandler - Service [ExceptionHandler] initialized
20:38:24.353 [FXGL Launcher Thread     ] DEBUG FXGLEventBus         - Service [EventBus] initialized
20:38:24.356 [FXGL Launcher Thread     ] DEBUG FXGLExecutor         - Service [Executor] initialized
20:38:24.356 [FXGL Launcher Thread     ] DEBUG PreInitTask          - Injecting gameWorld & physicsWorld
20:38:24.360 [FXGL Launcher Thread     ] DEBUG GameWorld            - Game world initialized
20:38:24.396 [FXGL Launcher Thread     ] DEBUG FXGLPooler           - Service [Pooler] initialized with default size = 128
20:38:24.396 [FXGL Launcher Thread     ] DEBUG PhysicsWorld         - Physics world initialized: appHeight=600.0, physics.ppm=50.0
20:38:24.397 [FXGL Launcher Thread     ] DEBUG FXGLInput            - Service [Input] initialized
20:38:24.413 [FXGL Launcher Thread     ] DEBUG FXGLInput            - Registered new binding: Screenshot - P
20:38:24.413 [FXGL Launcher Thread     ] DEBUG FXGLInput            - Registered new binding: Dev Options - CTRL+0
20:38:24.414 [FXGL Launcher Thread     ] DEBUG FXGLInput            - Registered new binding: PLAYER LEFT - A
20:38:24.414 [FXGL Launcher Thread     ] DEBUG FXGLInput            - Registered new binding: PLAYER RIGHT - D
20:38:24.414 [FXGL Launcher Thread     ] DEBUG FXGLInput            - Registered new binding: SHOOT - Space
20:38:24.433 [FXGL Launcher Thread     ] DEBUG GameScene            - Game scene initialized: 800.0x600.0
20:38:24.438 [FXGL Launcher Thread     ] DEBUG FXGLAssetLoader      - Service [AssetLoader] initialized: cacheSize=35
20:38:24.439 [FXGL Launcher Thread     ] DEBUG FXGLAssetLoader      - Loading from disk: /assets/sounds/system/notification.wav
20:38:24.461 [FXGL Launcher Thread     ] DEBUG FXGLAssetLoader      - Loading from disk: /assets/sounds/menu/select.wav
20:38:24.463 [FXGL Launcher Thread     ] DEBUG FXGLAssetLoader      - Loading from disk: /assets/sounds/menu/back.wav
20:38:24.465 [FXGL Launcher Thread     ] DEBUG FXGLAssetLoader      - Loading from disk: /assets/sounds/menu/press.wav
20:38:24.466 [FXGL Launcher Thread     ] DEBUG FXGLAssetLoader      - Loading from disk: /assets/ui/fonts/Copperplate_Gothic_Light_Regular.ttf
20:38:24.476 [FXGL Launcher Thread     ] DEBUG FXGLAssetLoader      - Loading from disk: /assets/ui/css/fxgl.css
20:38:24.477 [FXGL Launcher Thread     ] DEBUG FXGLAssetLoader      - Loading from disk: /assets/ui/icons/fxgl_icon.png
20:38:24.511 [FXGL Launcher Thread     ] DEBUG FXGLAssetLoader      - Loading from disk: /assets/ui/css/fxgl_dark.css
20:38:24.521 [FXGL Launcher Thread     ] DEBUG FXGLDisplay          - Target size: DoubleProperty [value: 800.0] x DoubleProperty [value: 600.0] @ 1.0
20:38:24.521 [FXGL Launcher Thread     ] DEBUG FXGLDisplay          - New size:    800.0 x 600.0 @ DoubleProperty [value: 1.0]
20:38:24.522 [FXGL Launcher Thread     ] DEBUG FXGLDisplay          - Service [Display] initialized
20:38:24.522 [FXGL Launcher Thread     ] DEBUG FXGLDisplay          - Using CSS: CSS(externalForm=jar:file:/home/vidhur2k/Documents/Java%20Projects/SpaceInvaders/lib/fxgl-0.2.9-uber.jar!/assets/ui/css/fxgl_dark.css)
20:38:24.522 [FXGL Launcher Thread     ] DEBUG InitScenesTask       - Injecting loadingScene & gameScene
20:38:24.526 [FXGL Launcher Thread     ] DEBUG FXGLMasterTimer      - Service [MasterTimer] initialized
20:38:24.528 [FXGL Launcher Thread     ] DEBUG FXGLAudioPlayer      - Service [AudioPlayer] initialized
20:38:24.536 [FXGL Launcher Thread     ] DEBUG GameApplication      - Starting new game
20:38:24.538 [FXGL Launcher Thread     ] DEBUG GameApplication      - Initializing App
20:38:24.540 [FXGL Launcher Thread     ] DEBUG FXGLInput            - Clearing active input actions
20:38:24.541 [FXGL Launcher Thread     ] DEBUG FXGLMasterTimer      - Stopping master timer
20:38:24.541 [FXGL Launcher Thread     ] DEBUG GameApplication      - State: STARTUP -> PAUSED
20:38:24.543 [FXGL Launcher Thread     ] DEBUG FXGLEventBus         - Firing event: FXGLEvent[type=PAUSE]
20:38:24.546 [FXGL Launcher Thread     ] DEBUG FXGLInput            - Clearing active input actions
20:38:24.546 [FXGL Launcher Thread     ] DEBUG FXGLMasterTimer      - Resetting ticks and clearing all actions
20:38:24.546 [FXGL Launcher Thread     ] DEBUG GameWorld            - Resetting game world
20:38:24.546 [FXGL Launcher Thread     ] TRACE EntityWorld          - Resetting entity world
20:38:24.548 [FXGL Launcher Thread     ] DEBUG PhysicsWorld         - Resetting physics world
20:38:24.548 [FXGL Launcher Thread     ] DEBUG GameScene            - Resetting game scene
20:38:24.548 [FXGL Launcher Thread     ] DEBUG FXGLEventBus         - Firing event: FXGLEvent[type=RESET]
20:38:24.603 [FXGL Launcher Thread     ] DEBUG GameApplication      - State: PAUSED -> LOADING
20:38:24.632 [FXGL Background Thread 1 ] DEBUG InitAppTask          - Initializing Assets
20:38:24.633 [FXGL Background Thread 1 ] DEBUG FXGLAssetLoader      - Caching assets
20:38:24.643 [FXGL Background Thread 1 ] DEBUG FXGLAssetLoader      - Loading from disk: /assets/textures/enemy.png
20:38:24.647 [FXGL Background Thread 1 ] DEBUG FXGLAssetLoader      - Loading from disk: /assets/textures/player.png
20:38:24.648 [FXGL Background Thread 1 ] DEBUG FXGLAssetLoader      - Loading from disk: /assets/textures/enemy2.png
20:38:24.649 [FXGL Background Thread 1 ] DEBUG FXGLAssetLoader      - Loading from disk: /assets/textures/background.jpg
20:38:24.680 [JavaFX Application Thread] DEBUG FXGLDisplay          - Showing stage
20:38:24.680 [JavaFX Application Thread] DEBUG FXGLDisplay          - Root size: 800.0x600.0
20:38:24.680 [JavaFX Application Thread] DEBUG FXGLDisplay          - Scene size: 800.0x600.0
20:38:24.680 [JavaFX Application Thread] DEBUG FXGLDisplay          - Stage size: 800.0x600.0
20:38:24.886 [FXGL Background Thread 1 ] DEBUG FXGLAssetLoader      - Loading from cache: /assets/sounds/menu/back.wav
20:38:24.887 [FXGL Background Thread 1 ] DEBUG FXGLAssetLoader      - Loading from cache: /assets/sounds/menu/press.wav
20:38:24.887 [FXGL Background Thread 1 ] DEBUG FXGLAssetLoader      - Loading from cache: /assets/sounds/menu/select.wav
20:38:24.887 [FXGL Background Thread 1 ] DEBUG FXGLAssetLoader      - Loading from cache: /assets/sounds/system/notification.wav
20:38:25.067 [FXGL Background Thread 1 ] DEBUG FXGLAssetLoader      - Loading from disk: /assets/text/level1.txt
20:38:25.067 [FXGL Background Thread 1 ] DEBUG FXGLAssetLoader      - Loading from disk: /assets/text/level0.txt
20:38:25.252 [FXGL Background Thread 1 ] DEBUG FXGLAssetLoader      - Loading from cache: /assets/ui/fonts/Copperplate_Gothic_Light_Regular.ttf
20:38:25.433 [FXGL Background Thread 1 ] DEBUG FXGLAssetLoader      - Caching complete. Size: 11
20:38:25.433 [FXGL Background Thread 1 ] DEBUG InitAppTask          - Initializing Game
20:38:25.437 [FXGL Background Thread 1 ] DEBUG FXGLAssetLoader      - Loading from cache: /assets/text/level0.txt
20:38:25.493 [FXGL Background Thread 1 ] DEBUG FXGLAssetLoader      - Loading from cache: /assets/textures/enemy.png
20:38:25.496 [FXGL Background Thread 1 ] DEBUG FXGLAssetLoader      - Loading from cache: /assets/textures/enemy.png
20:38:25.501 [FXGL Background Thread 1 ] DEBUG FXGLAssetLoader      - Loading from cache: /assets/textures/enemy.png
20:38:25.549 [FXGL Background Thread 1 ] DEBUG FXGLAssetLoader      - Loading from cache: /assets/textures/player.png
20:38:25.551 [FXGL Background Thread 1 ] DEBUG GameWorld            - Resetting game world
20:38:25.551 [FXGL Background Thread 1 ] TRACE EntityWorld          - Resetting entity world
20:38:25.551 [FXGL Background Thread 1 ] DEBUG PhysicsWorld         - Resetting physics world
20:38:25.551 [FXGL Background Thread 1 ] DEBUG GameScene            - Resetting game scene
20:38:25.551 [FXGL Background Thread 1 ] DEBUG GameWorld            - Setting level: com.almasb.fxgl.gameplay.Level@527c55d3
20:38:25.552 [FXGL Background Thread 1 ] DEBUG FXGLAssetLoader      - Loading from cache: /assets/textures/background.jpg
20:38:25.554 [FXGL Background Thread 1 ] DEBUG InitAppTask          - Initializing Physics
20:38:25.555 [FXGL Background Thread 1 ] DEBUG InitAppTask          - Initializing UI
20:38:25.558 [FXGL Background Thread 1 ] DEBUG GameScene            - Adding UI node: Text[text="SPACE", x=0.0, y=0.0, alignment=LEFT, origin=BASELINE, boundsType=LOGICAL, font=Font[name=System Regular, family=System, style=Regular, size=24.0], fontSmoothingType=GRAY, fill=0x32cd32ff]
20:38:25.558 [FXGL Background Thread 1 ] DEBUG GameScene            - Adding UI node: Text[text="INVADERS", x=0.0, y=0.0, alignment=LEFT, origin=BASELINE, boundsType=LOGICAL, font=Font[name=System Regular, family=System, style=Regular, size=24.0], fontSmoothingType=GRAY, fill=0x32cd32ff]
20:38:25.559 [FXGL Background Thread 1 ] DEBUG GameScene            - Adding UI node: Text[text="Score: 0", x=0.0, y=0.0, alignment=LEFT, origin=BASELINE, boundsType=LOGICAL, font=Font[name=System Regular, family=System, style=Regular, size=18.0], fontSmoothingType=GRAY, fill=0x7fffd4ff]
20:38:25.559 [FXGL Background Thread 1 ] DEBUG GameScene            - Adding UI node: Text[text="Lives: 3", x=0.0, y=0.0, alignment=LEFT, origin=BASELINE, boundsType=LOGICAL, font=Font[name=System Regular, family=System, style=Regular, size=18.0], fontSmoothingType=GRAY, fill=0x7fffd4ff]
20:38:25.559 [FXGL Background Thread 1 ] DEBUG InitAppTask          - Initialization Complete
20:38:25.563 [JavaFX Application Thread] DEBUG FXGLInput            - Clearing active input actions
20:38:25.564 [JavaFX Application Thread] DEBUG FXGLMasterTimer      - Starting master timer
20:38:25.564 [JavaFX Application Thread] DEBUG GameApplication      - State: LOADING -> PLAYING
20:38:25.573 [JavaFX Application Thread] DEBUG FXGLEventBus         - Firing event: FXGLEvent[type=RESUME]
20:38:25.651 [JavaFX Application Thread] DEBUG GameScene            - Entity added to scene
20:38:25.652 [JavaFX Application Thread] DEBUG GameScene            - Added MainViewComponent
20:38:25.655 [JavaFX Application Thread] DEBUG GameScene            - Creating render group for layer: TOP(2147483647)
20:38:25.660 [JavaFX Application Thread] DEBUG GameScene            - Entity added to scene
20:38:25.660 [JavaFX Application Thread] DEBUG GameScene            - Added MainViewComponent
20:38:25.661 [JavaFX Application Thread] DEBUG GameScene            - Entity added to scene
20:38:25.661 [JavaFX Application Thread] DEBUG GameScene            - Added MainViewComponent
20:38:25.661 [JavaFX Application Thread] DEBUG GameScene            - Entity added to scene
20:38:25.661 [JavaFX Application Thread] DEBUG GameScene            - Added MainViewComponent
20:38:25.662 [JavaFX Application Thread] DEBUG GameScene            - Entity added to scene
20:38:25.662 [JavaFX Application Thread] DEBUG GameScene            - Added MainViewComponent
20:38:25.662 [JavaFX Application Thread] DEBUG GameScene            - Entity added to scene
20:38:25.663 [JavaFX Application Thread] DEBUG GameScene            - Added MainViewComponent
20:38:25.663 [JavaFX Application Thread] DEBUG GameScene            - Entity added to scene
20:38:25.663 [JavaFX Application Thread] DEBUG GameScene            - Added MainViewComponent
20:38:25.664 [JavaFX Application Thread] DEBUG GameScene            - Entity added to scene
20:38:25.664 [JavaFX Application Thread] DEBUG GameScene            - Added MainViewComponent
20:38:25.666 [JavaFX Application Thread] DEBUG GameScene            - Entity added to scene
20:38:25.666 [JavaFX Application Thread] DEBUG GameScene            - Added MainViewComponent
20:38:25.667 [JavaFX Application Thread] DEBUG GameScene            - Entity added to scene
20:38:25.667 [JavaFX Application Thread] DEBUG GameScene            - Added MainViewComponent
20:38:25.667 [JavaFX Application Thread] DEBUG GameScene            - Entity added to scene
20:38:25.668 [JavaFX Application Thread] DEBUG GameScene            - Added MainViewComponent
20:38:25.668 [JavaFX Application Thread] DEBUG GameScene            - Entity added to scene
20:38:25.668 [JavaFX Application Thread] DEBUG GameScene            - Added MainViewComponent
20:38:25.669 [JavaFX Application Thread] DEBUG GameScene            - Entity added to scene
20:38:25.669 [JavaFX Application Thread] DEBUG GameScene            - Added MainViewComponent
20:38:25.670 [JavaFX Application Thread] DEBUG GameScene            - Entity added to scene
20:38:25.670 [JavaFX Application Thread] DEBUG GameScene            - Added MainViewComponent
20:38:25.670 [JavaFX Application Thread] DEBUG GameScene            - Entity added to scene
20:38:25.670 [JavaFX Application Thread] DEBUG GameScene            - Added MainViewComponent
20:38:25.671 [JavaFX Application Thread] DEBUG GameScene            - Entity added to scene
20:38:25.671 [JavaFX Application Thread] DEBUG GameScene            - Added MainViewComponent
20:38:25.672 [JavaFX Application Thread] DEBUG GameScene            - Entity added to scene
20:38:25.672 [JavaFX Application Thread] DEBUG GameScene            - Added MainViewComponent
20:38:25.673 [JavaFX Application Thread] DEBUG GameScene            - Entity added to scene
20:38:25.673 [JavaFX Application Thread] DEBUG GameScene            - Added MainViewComponent
20:38:25.674 [JavaFX Application Thread] DEBUG GameScene            - Entity added to scene
20:38:25.674 [JavaFX Application Thread] DEBUG GameScene            - Added MainViewComponent
20:38:25.675 [JavaFX Application Thread] DEBUG GameScene            - Entity added to scene
20:38:25.676 [JavaFX Application Thread] DEBUG GameScene            - Added MainViewComponent
20:38:25.677 [JavaFX Application Thread] DEBUG GameScene            - Entity added to scene
20:38:25.677 [JavaFX Application Thread] DEBUG GameScene            - Added MainViewComponent
20:38:25.678 [JavaFX Application Thread] DEBUG GameScene            - Entity added to scene
20:38:25.678 [JavaFX Application Thread] DEBUG GameScene            - Added MainViewComponent
20:38:25.679 [JavaFX Application Thread] DEBUG GameScene            - Entity added to scene
20:38:25.679 [JavaFX Application Thread] DEBUG GameScene            - Added MainViewComponent
20:38:25.680 [JavaFX Application Thread] DEBUG GameScene            - Entity added to scene
20:38:25.680 [JavaFX Application Thread] DEBUG GameScene            - Added MainViewComponent
20:38:25.681 [JavaFX Application Thread] DEBUG GameScene            - Entity added to scene
20:38:25.681 [JavaFX Application Thread] DEBUG GameScene            - Added MainViewComponent
20:38:25.682 [JavaFX Application Thread] DEBUG GameScene            - Entity added to scene
20:38:25.682 [JavaFX Application Thread] DEBUG GameScene            - Added MainViewComponent
20:38:25.683 [JavaFX Application Thread] DEBUG GameScene            - Entity added to scene
20:38:25.683 [JavaFX Application Thread] DEBUG GameScene            - Added MainViewComponent
20:38:25.684 [JavaFX Application Thread] DEBUG GameScene            - Entity added to scene
20:38:25.684 [JavaFX Application Thread] DEBUG GameScene            - Added MainViewComponent
20:38:25.685 [JavaFX Application Thread] DEBUG GameScene            - Entity added to scene
20:38:25.685 [JavaFX Application Thread] DEBUG GameScene            - Added MainViewComponent
20:38:25.686 [JavaFX Application Thread] DEBUG GameScene            - Entity added to scene
20:38:25.686 [JavaFX Application Thread] DEBUG GameScene            - Added MainViewComponent
20:38:25.686 [JavaFX Application Thread] DEBUG GameScene            - Entity added to scene
20:38:25.686 [JavaFX Application Thread] DEBUG GameScene            - Added MainViewComponent
20:38:25.687 [JavaFX Application Thread] DEBUG GameScene            - Entity added to scene
20:38:25.687 [JavaFX Application Thread] DEBUG GameScene            - Added MainViewComponent
20:38:25.688 [JavaFX Application Thread] DEBUG GameScene            - Entity added to scene
20:38:25.688 [JavaFX Application Thread] DEBUG GameScene            - Added MainViewComponent
20:38:25.688 [JavaFX Application Thread] DEBUG GameScene            - Entity added to scene
20:38:25.688 [JavaFX Application Thread] DEBUG GameScene            - Added MainViewComponent
20:38:25.689 [JavaFX Application Thread] DEBUG GameScene            - Entity added to scene
20:38:25.689 [JavaFX Application Thread] DEBUG GameScene            - Added MainViewComponent
20:38:25.690 [JavaFX Application Thread] DEBUG GameScene            - Entity added to scene
20:38:25.690 [JavaFX Application Thread] DEBUG GameScene            - Added MainViewComponent
20:38:25.691 [JavaFX Application Thread] DEBUG GameScene            - Entity added to scene
20:38:25.691 [JavaFX Application Thread] DEBUG GameScene            - Added MainViewComponent
20:38:25.691 [JavaFX Application Thread] DEBUG GameScene            - Entity added to scene
20:38:25.691 [JavaFX Application Thread] DEBUG GameScene            - Added MainViewComponent
20:38:25.692 [JavaFX Application Thread] DEBUG GameScene            - Creating render group for layer: BACKGROUND(1000)
20:38:25.693 [JavaFX Application Thread] DEBUG GameScene            - Entity added to scene
20:38:25.693 [JavaFX Application Thread] DEBUG GameScene            - Added MainViewComponent
20:38:25.694 [JavaFX Application Thread] DEBUG GameScene            - Entity added to scene
20:38:25.694 [JavaFX Application Thread] DEBUG GameScene            - Added MainViewComponent
20:38:27.025 [JavaFX Application Thread] DEBUG GameScene            - Entity added to scene
20:38:27.025 [JavaFX Application Thread] DEBUG GameScene            - Added MainViewComponent
20:38:27.244 [JavaFX Application Thread] DEBUG GameScene            - Entity added to scene
20:38:27.244 [JavaFX Application Thread] DEBUG GameScene            - Added MainViewComponent
20:38:27.293 [JavaFX Application Thread] DEBUG GameScene            - Entity added to scene
20:38:27.293 [JavaFX Application Thread] DEBUG GameScene            - Added MainViewComponent
20:38:28.192 [JavaFX Application Thread] DEBUG GameScene            - Entity added to scene
20:38:28.192 [JavaFX Application Thread] DEBUG GameScene            - Added MainViewComponent
20:38:28.292 [JavaFX Application Thread] DEBUG GameScene            - Entity added to scene
20:38:28.292 [JavaFX Application Thread] DEBUG GameScene            - Added MainViewComponent
20:38:28.678 [JavaFX Application Thread] DEBUG GameScene            - Entity added to scene
20:38:28.679 [JavaFX Application Thread] DEBUG GameScene            - Added MainViewComponent
20:38:28.694 [JavaFX Application Thread] DEBUG GameScene            - Entity removed from scene
20:38:28.695 [JavaFX Application Thread] DEBUG GameScene            - Removed MainViewComponent
20:38:28.909 [JavaFX Application Thread] DEBUG GameScene            - Entity removed from scene
20:38:28.910 [JavaFX Application Thread] DEBUG GameScene            - Removed MainViewComponent
20:38:28.958 [JavaFX Application Thread] DEBUG GameScene            - Entity removed from scene
20:38:28.958 [JavaFX Application Thread] DEBUG GameScene            - Removed MainViewComponent
20:38:29.059 [JavaFX Application Thread] DEBUG GameScene            - Entity removed from scene
20:38:29.059 [JavaFX Application Thread] DEBUG GameScene            - Removed MainViewComponent
20:38:29.427 [JavaFX Application Thread] DEBUG GameScene            - Entity added to scene
20:38:29.427 [JavaFX Application Thread] DEBUG GameScene            - Added MainViewComponent
20:38:29.544 [JavaFX Application Thread] DEBUG GameScene            - Entity added to scene
20:38:29.545 [JavaFX Application Thread] DEBUG GameScene            - Added MainViewComponent
20:38:29.546 [JavaFX Application Thread] DEBUG GameScene            - Entity removed from scene
20:38:29.546 [JavaFX Application Thread] DEBUG GameScene            - Removed MainViewComponent
20:38:29.843 [JavaFX Application Thread] DEBUG GameScene            - Entity added to scene
20:38:29.843 [JavaFX Application Thread] DEBUG GameScene            - Added MainViewComponent
20:38:29.959 [JavaFX Application Thread] DEBUG GameScene            - Entity added to scene
20:38:29.959 [JavaFX Application Thread] DEBUG GameScene            - Added MainViewComponent
20:38:29.960 [JavaFX Application Thread] DEBUG GameScene            - Entity removed from scene
20:38:29.960 [JavaFX Application Thread] DEBUG GameScene            - Removed MainViewComponent
20:38:30.709 [JavaFX Application Thread] DEBUG GameScene            - Entity removed from scene
20:38:30.709 [JavaFX Application Thread] DEBUG GameScene            - Removed MainViewComponent
20:38:30.758 [JavaFX Application Thread] DEBUG GameScene            - Entity added to scene
20:38:30.759 [JavaFX Application Thread] DEBUG GameScene            - Added MainViewComponent
20:38:30.925 [JavaFX Application Thread] DEBUG GameScene            - Entity added to scene
20:38:30.926 [JavaFX Application Thread] DEBUG GameScene            - Added MainViewComponent
20:38:31.076 [JavaFX Application Thread] DEBUG GameScene            - Entity added to scene
20:38:31.076 [JavaFX Application Thread] DEBUG GameScene            - Added MainViewComponent
20:38:31.077 [JavaFX Application Thread] DEBUG GameScene            - Entity removed from scene
20:38:31.078 [JavaFX Application Thread] DEBUG GameScene            - Removed MainViewComponent
20:38:31.078 [JavaFX Application Thread] DEBUG GameScene            - Entity removed from scene
20:38:31.078 [JavaFX Application Thread] DEBUG GameScene            - Removed MainViewComponent
20:38:31.210 [JavaFX Application Thread] DEBUG GameScene            - Entity removed from scene
20:38:31.210 [JavaFX Application Thread] DEBUG GameScene            - Removed MainViewComponent
20:38:31.625 [JavaFX Application Thread] DEBUG GameScene            - Entity removed from scene
20:38:31.625 [JavaFX Application Thread] DEBUG GameScene            - Removed MainViewComponent
20:38:31.925 [JavaFX Application Thread] DEBUG GameScene            - Entity removed from scene
20:38:31.925 [JavaFX Application Thread] DEBUG GameScene            - Removed MainViewComponent
20:38:32.075 [JavaFX Application Thread] DEBUG GameScene            - Entity added to scene
20:38:32.076 [JavaFX Application Thread] DEBUG GameScene            - Added MainViewComponent
20:38:32.424 [JavaFX Application Thread] DEBUG GameScene            - Entity removed from scene
20:38:32.424 [JavaFX Application Thread] DEBUG GameScene            - Removed MainViewComponent
20:38:32.560 [JavaFX Application Thread] DEBUG GameScene            - Entity added to scene
20:38:32.560 [JavaFX Application Thread] DEBUG GameScene            - Added MainViewComponent
20:38:32.593 [JavaFX Application Thread] DEBUG GameScene            - Entity removed from scene
20:38:32.593 [JavaFX Application Thread] DEBUG GameScene            - Removed MainViewComponent
20:38:32.943 [JavaFX Application Thread] DEBUG GameScene            - Entity removed from scene
20:38:32.943 [JavaFX Application Thread] DEBUG GameScene            - Removed MainViewComponent
20:38:33.091 [JavaFX Application Thread] DEBUG GameScene            - Entity added to scene
20:38:33.092 [JavaFX Application Thread] DEBUG GameScene            - Added MainViewComponent
20:38:33.409 [JavaFX Application Thread] DEBUG GameScene            - Entity added to scene
20:38:33.409 [JavaFX Application Thread] DEBUG GameScene            - Added MainViewComponent
20:38:33.592 [JavaFX Application Thread] DEBUG GameScene            - Entity added to scene
20:38:33.592 [JavaFX Application Thread] DEBUG GameScene            - Added MainViewComponent
20:38:34.226 [JavaFX Application Thread] DEBUG GameScene            - Entity removed from scene
20:38:34.226 [JavaFX Application Thread] DEBUG GameScene            - Removed MainViewComponent
20:38:34.476 [JavaFX Application Thread] DEBUG GameScene            - Entity added to scene
20:38:34.476 [JavaFX Application Thread] DEBUG GameScene            - Added MainViewComponent
20:38:35.075 [JavaFX Application Thread] DEBUG GameScene            - Entity removed from scene
20:38:35.075 [JavaFX Application Thread] DEBUG GameScene            - Removed MainViewComponent
20:38:35.108 [JavaFX Application Thread] DEBUG GameScene            - Entity added to scene
20:38:35.109 [JavaFX Application Thread] DEBUG GameScene            - Added MainViewComponent
20:38:35.259 [JavaFX Application Thread] DEBUG GameScene            - Entity removed from scene
20:38:35.259 [JavaFX Application Thread] DEBUG GameScene            - Removed MainViewComponent
20:38:35.660 [JavaFX Application Thread] DEBUG GameScene            - Entity added to scene
20:38:35.660 [JavaFX Application Thread] DEBUG GameScene            - Added MainViewComponent
20:38:35.959 [JavaFX Application Thread] DEBUG GameScene            - Entity removed from scene
20:38:35.959 [JavaFX Application Thread] DEBUG GameScene            - Removed MainViewComponent
20:38:36.077 [JavaFX Application Thread] DEBUG GameScene            - Entity added to scene
20:38:36.077 [JavaFX Application Thread] DEBUG GameScene            - Added MainViewComponent
20:38:36.143 [JavaFX Application Thread] DEBUG GameScene            - Entity removed from scene
20:38:36.143 [JavaFX Application Thread] DEBUG GameScene            - Removed MainViewComponent
20:38:36.408 [JavaFX Application Thread] DEBUG GameScene            - Entity added to scene
20:38:36.408 [JavaFX Application Thread] DEBUG GameScene            - Added MainViewComponent
20:38:36.525 [JavaFX Application Thread] DEBUG GameScene            - Entity removed from scene
20:38:36.525 [JavaFX Application Thread] DEBUG GameScene            - Removed MainViewComponent
20:38:36.943 [JavaFX Application Thread] DEBUG GameScene            - Entity added to scene
20:38:36.943 [JavaFX Application Thread] DEBUG GameScene            - Added MainViewComponent
20:38:37.643 [JavaFX Application Thread] DEBUG GameScene            - Entity added to scene
20:38:37.643 [JavaFX Application Thread] DEBUG GameScene            - Added MainViewComponent
20:38:37.742 [JavaFX Application Thread] DEBUG GameScene            - Entity removed from scene
20:38:37.743 [JavaFX Application Thread] DEBUG GameScene            - Removed MainViewComponent
20:38:37.743 [JavaFX Application Thread] DEBUG GameScene            - Entity removed from scene
20:38:37.743 [JavaFX Application Thread] DEBUG GameScene            - Removed MainViewComponent
20:38:38.075 [JavaFX Application Thread] DEBUG GameScene            - Entity removed from scene
20:38:38.075 [JavaFX Application Thread] DEBUG GameScene            - Removed MainViewComponent
20:38:38.526 [JavaFX Application Thread] DEBUG GameScene            - Entity removed from scene
20:38:38.526 [JavaFX Application Thread] DEBUG GameScene            - Removed MainViewComponent
20:38:38.827 [JavaFX Application Thread] DEBUG GameScene            - Entity added to scene
20:38:38.827 [JavaFX Application Thread] DEBUG GameScene            - Added MainViewComponent
20:38:39.309 [JavaFX Application Thread] DEBUG GameScene            - Entity removed from scene
20:38:39.309 [JavaFX Application Thread] DEBUG GameScene            - Removed MainViewComponent
20:38:39.709 [JavaFX Application Thread] DEBUG GameScene            - Entity removed from scene
20:38:39.709 [JavaFX Application Thread] DEBUG GameScene            - Removed MainViewComponent
20:38:39.943 [JavaFX Application Thread] DEBUG GameScene            - Entity added to scene
20:38:39.943 [JavaFX Application Thread] DEBUG GameScene            - Added MainViewComponent
20:38:41.425 [JavaFX Application Thread] DEBUG GameScene            - Entity added to scene
20:38:41.425 [JavaFX Application Thread] DEBUG GameScene            - Added MainViewComponent
20:38:41.609 [JavaFX Application Thread] DEBUG GameScene            - Entity removed from scene
20:38:41.609 [JavaFX Application Thread] DEBUG GameScene            - Removed MainViewComponent
20:38:42.859 [JavaFX Application Thread] DEBUG GameScene            - Entity added to scene
20:38:42.859 [JavaFX Application Thread] DEBUG GameScene            - Added MainViewComponent
20:38:43.092 [JavaFX Application Thread] DEBUG GameScene            - Entity removed from scene
20:38:43.092 [JavaFX Application Thread] DEBUG GameScene            - Removed MainViewComponent
20:38:44.460 [JavaFX Application Thread] DEBUG GameScene            - Entity added to scene
20:38:44.460 [JavaFX Application Thread] DEBUG GameScene            - Added MainViewComponent
20:38:44.525 [JavaFX Application Thread] DEBUG GameScene            - Entity removed from scene
20:38:44.525 [JavaFX Application Thread] DEBUG GameScene            - Removed MainViewComponent
20:38:45.360 [JavaFX Application Thread] DEBUG GameScene            - Entity added to scene
20:38:45.360 [JavaFX Application Thread] DEBUG GameScene            - Added MainViewComponent
20:38:45.727 [JavaFX Application Thread] DEBUG GameScene            - Entity added to scene
20:38:45.727 [JavaFX Application Thread] DEBUG GameScene            - Added MainViewComponent
20:38:46.127 [JavaFX Application Thread] DEBUG GameScene            - Entity removed from scene
20:38:46.127 [JavaFX Application Thread] DEBUG GameScene            - Removed MainViewComponent
20:38:46.309 [JavaFX Application Thread] DEBUG GameScene            - Entity removed from scene
20:38:46.309 [JavaFX Application Thread] DEBUG GameScene            - Removed MainViewComponent
20:38:46.310 [JavaFX Application Thread] DEBUG GameScene            - Entity removed from scene
20:38:46.310 [JavaFX Application Thread] DEBUG GameScene            - Removed MainViewComponent
20:38:47.010 [JavaFX Application Thread] DEBUG GameScene            - Entity added to scene
20:38:47.010 [JavaFX Application Thread] DEBUG GameScene            - Added MainViewComponent
20:38:47.876 [JavaFX Application Thread] DEBUG GameScene            - Entity removed from scene
20:38:47.876 [JavaFX Application Thread] DEBUG GameScene            - Removed MainViewComponent
20:38:48.110 [JavaFX Application Thread] DEBUG GameScene            - Entity added to scene
20:38:48.110 [JavaFX Application Thread] DEBUG GameScene            - Added MainViewComponent
20:38:48.510 [JavaFX Application Thread] DEBUG GameScene            - Entity added to scene
20:38:48.511 [JavaFX Application Thread] DEBUG GameScene            - Added MainViewComponent
20:38:49.443 [JavaFX Application Thread] DEBUG GameScene            - Entity added to scene
20:38:49.443 [JavaFX Application Thread] DEBUG GameScene            - Added MainViewComponent
20:38:49.777 [JavaFX Application Thread] DEBUG GameScene            - Entity removed from scene
20:38:49.777 [JavaFX Application Thread] DEBUG GameScene            - Removed MainViewComponent
20:38:50.310 [JavaFX Application Thread] DEBUG GameScene            - Entity removed from scene
20:38:50.310 [JavaFX Application Thread] DEBUG GameScene            - Removed MainViewComponent
20:38:50.793 [JavaFX Application Thread] DEBUG GameScene            - Entity added to scene
20:38:50.793 [JavaFX Application Thread] DEBUG GameScene            - Added MainViewComponent
20:38:52.211 [JavaFX Application Thread] DEBUG GameScene            - Entity added to scene
20:38:52.211 [JavaFX Application Thread] DEBUG GameScene            - Added MainViewComponent
20:38:52.310 [JavaFX Application Thread] DEBUG GameScene            - Entity removed from scene
20:38:52.310 [JavaFX Application Thread] DEBUG GameScene            - Removed MainViewComponent
20:38:53.559 [JavaFX Application Thread] DEBUG GameScene            - Entity added to scene
20:38:53.559 [JavaFX Application Thread] DEBUG GameScene            - Added MainViewComponent
20:38:53.877 [JavaFX Application Thread] DEBUG GameScene            - Entity removed from scene
20:38:53.878 [JavaFX Application Thread] DEBUG GameScene            - Removed MainViewComponent
20:38:54.444 [JavaFX Application Thread] DEBUG GameScene            - Entity removed from scene
20:38:54.444 [JavaFX Application Thread] DEBUG GameScene            - Removed MainViewComponent
20:38:54.460 [JavaFX Application Thread] DEBUG GameScene            - Entity added to scene
20:38:54.460 [JavaFX Application Thread] DEBUG GameScene            - Added MainViewComponent
20:38:54.793 [JavaFX Application Thread] DEBUG GameScene            - Entity added to scene
20:38:54.794 [JavaFX Application Thread] DEBUG GameScene            - Added MainViewComponent
20:38:55.963 [JavaFX Application Thread] DEBUG GameScene            - Entity added to scene
20:38:55.963 [JavaFX Application Thread] DEBUG GameScene            - Added MainViewComponent
20:38:55.979 [JavaFX Application Thread] DEBUG GameScene            - Entity removed from scene
20:38:55.979 [JavaFX Application Thread] DEBUG GameScene            - Removed MainViewComponent
20:38:55.980 [JavaFX Application Thread] DEBUG GameScene            - Entity removed from scene
20:38:55.980 [JavaFX Application Thread] DEBUG GameScene            - Removed MainViewComponent
20:38:56.460 [JavaFX Application Thread] DEBUG GameScene            - Entity removed from scene
20:38:56.460 [JavaFX Application Thread] DEBUG GameScene            - Removed MainViewComponent
20:38:57.377 [JavaFX Application Thread] DEBUG GameScene            - Entity added to scene
20:38:57.377 [JavaFX Application Thread] DEBUG GameScene            - Added MainViewComponent
20:38:58.228 [JavaFX Application Thread] DEBUG GameScene            - Entity removed from scene
20:38:58.228 [JavaFX Application Thread] DEBUG GameScene            - Removed MainViewComponent
20:38:58.561 [JavaFX Application Thread] DEBUG GameScene            - Entity added to scene
20:38:58.561 [JavaFX Application Thread] DEBUG GameScene            - Added MainViewComponent
20:38:58.810 [JavaFX Application Thread] DEBUG GameScene            - Entity added to scene
20:38:58.810 [JavaFX Application Thread] DEBUG GameScene            - Added MainViewComponent
20:38:59.460 [JavaFX Application Thread] DEBUG GameScene            - Entity removed from scene
20:38:59.460 [JavaFX Application Thread] DEBUG GameScene            - Removed MainViewComponent
20:38:59.460 [JavaFX Application Thread] DEBUG GameScene            - Entity removed from scene
20:38:59.460 [JavaFX Application Thread] DEBUG GameScene            - Removed MainViewComponent
20:38:59.860 [JavaFX Application Thread] DEBUG GameScene            - Entity added to scene
20:38:59.860 [JavaFX Application Thread] DEBUG GameScene            - Added MainViewComponent
20:39:01.060 [JavaFX Application Thread] DEBUG GameScene            - Entity added to scene
20:39:01.060 [JavaFX Application Thread] DEBUG GameScene            - Added MainViewComponent
20:39:01.328 [JavaFX Application Thread] DEBUG GameScene            - Entity added to scene
20:39:01.329 [JavaFX Application Thread] DEBUG GameScene            - Added MainViewComponent
20:39:01.526 [JavaFX Application Thread] DEBUG GameScene            - Entity removed from scene
20:39:01.526 [JavaFX Application Thread] DEBUG GameScene            - Removed MainViewComponent
20:39:02.248 [JavaFX Application Thread] DEBUG GameScene            - Entity added to scene
20:39:02.248 [JavaFX Application Thread] DEBUG GameScene            - Added MainViewComponent
20:39:02.728 [JavaFX Application Thread] DEBUG GameScene            - Entity removed from scene
20:39:02.728 [JavaFX Application Thread] DEBUG GameScene            - Removed MainViewComponent
20:39:03.693 [JavaFX Application Thread] DEBUG GameScene            - Entity added to scene
20:39:03.693 [JavaFX Application Thread] DEBUG GameScene            - Added MainViewComponent
20:39:03.910 [JavaFX Application Thread] DEBUG GameScene            - Entity removed from scene
20:39:03.911 [JavaFX Application Thread] DEBUG GameScene            - Removed MainViewComponent
20:39:04.560 [JavaFX Application Thread] DEBUG GameScene            - Entity removed from scene
20:39:04.560 [JavaFX Application Thread] DEBUG GameScene            - Removed MainViewComponent
20:39:04.844 [JavaFX Application Thread] DEBUG GameScene            - Entity added to scene
20:39:04.844 [JavaFX Application Thread] DEBUG GameScene            - Added MainViewComponent
20:39:05.094 [JavaFX Application Thread] DEBUG GameScene            - Entity added to scene
20:39:05.094 [JavaFX Application Thread] DEBUG GameScene            - Added MainViewComponent
20:39:05.994 [JavaFX Application Thread] DEBUG GameScene            - Entity added to scene
20:39:05.994 [JavaFX Application Thread] DEBUG GameScene            - Added MainViewComponent
20:39:06.511 [JavaFX Application Thread] DEBUG GameScene            - Entity removed from scene
20:39:06.511 [JavaFX Application Thread] DEBUG GameScene            - Removed MainViewComponent
20:39:06.759 [JavaFX Application Thread] DEBUG GameScene            - Entity removed from scene
20:39:06.760 [JavaFX Application Thread] DEBUG GameScene            - Removed MainViewComponent
20:39:06.760 [JavaFX Application Thread] DEBUG GameScene            - Entity removed from scene
20:39:06.760 [JavaFX Application Thread] DEBUG GameScene            - Removed MainViewComponent
20:39:06.770 [JavaFX Application Thread] DEBUG FXGLEventBus         - Firing event: DisplayEvent[type=DIALOG_OPENED]
20:39:06.771 [JavaFX Application Thread] DEBUG FXGLInput            - Clearing active input actions
20:39:06.771 [JavaFX Application Thread] DEBUG FXGLMasterTimer      - Stopping master timer
20:39:06.771 [JavaFX Application Thread] DEBUG GameApplication      - State: PLAYING -> PAUSED
20:39:06.771 [JavaFX Application Thread] DEBUG FXGLEventBus         - Firing event: FXGLEvent[type=PAUSE]
20:39:06.771 [JavaFX Application Thread] DEBUG FXGLInput            - Clearing active input actions
20:39:08.485 [JavaFX Application Thread] DEBUG FXGLEventBus         - Firing event: DisplayEvent[type=DIALOG_CLOSED]
20:39:08.486 [JavaFX Application Thread] DEBUG FXGLInput            - Clearing active input actions
20:39:08.486 [JavaFX Application Thread] DEBUG FXGLMasterTimer      - Starting master timer
20:39:08.486 [JavaFX Application Thread] DEBUG GameApplication      - State: PAUSED -> PLAYING
20:39:08.486 [JavaFX Application Thread] DEBUG FXGLEventBus         - Firing event: FXGLEvent[type=RESUME]
20:39:08.487 [JavaFX Application Thread] DEBUG FXGLEventBus         - Firing event: FXGLEvent[type=EXIT]
20:39:08.487 [JavaFX Application Thread] DEBUG FXGL                 - Saving FXGL system data
20:39:08.488 [JavaFX Application Thread] DEBUG IOTask               - Executing task: writeDataTask(system/fxgl.bundle)
20:39:08.489 [JavaFX Application Thread] DEBUG FS                   - Writing to: system/fxgl.bundle
20:39:08.491 [JavaFX Application Thread] DEBUG IOTask               - Task succeeded: writeDataTask(system/fxgl.bundle)
20:39:08.496 [JavaFX Application Thread] DEBUG FXGLEventBus         - Firing event: DisplayEvent[type=DIALOG_OPENED]
20:39:08.496 [JavaFX Application Thread] DEBUG FXGLInput            - Clearing active input actions
20:39:08.496 [JavaFX Application Thread] DEBUG FXGLMasterTimer      - Stopping master timer
20:39:08.496 [JavaFX Application Thread] DEBUG GameApplication      - State: PLAYING -> PAUSED
20:39:08.496 [JavaFX Application Thread] DEBUG FXGLEventBus         - Firing event: FXGLEvent[type=PAUSE]
20:39:08.496 [JavaFX Application Thread] DEBUG FXGLInput            - Clearing active input actions
