19:50:36.420 [FXGL Launcher Thread     ] DEBUG FXGLLoggerFactory    - Service [LoggerFactory] initialized
19:50:36.423 [FXGL Launcher Thread     ] DEBUG FXGL                 - FXGL configuration complete
19:50:36.423 [FXGL Launcher Thread     ] DEBUG FXGL                 - Loading FXGL system data
19:50:36.426 [FXGL Launcher Thread     ] DEBUG IOTask               - Executing task: readDataTask(system/fxgl.bundle)
19:50:36.428 [FXGL Launcher Thread     ] DEBUG FS                   - Reading from: system/fxgl.bundle
19:50:36.432 [FXGL Launcher Thread     ] DEBUG IOTask               - Task succeeded: readDataTask(system/fxgl.bundle)
19:50:36.432 [FXGL Launcher Thread     ] DEBUG Bundle               - Logging bundle: FXGL
19:50:36.432 [FXGL Launcher Thread     ] DEBUG Bundle               - FXGL.offline.timer.version.check=2017-04-27T18:48:47.605
19:50:36.437 [FXGL Launcher Thread     ] DEBUG GameApplication      - Configuring GameApplication
19:50:36.442 [FXGL Launcher Thread     ] DEBUG FXGLExceptionHandler - Service [ExceptionHandler] initialized
19:50:36.443 [FXGL Launcher Thread     ] DEBUG FXGLEventBus         - Service [EventBus] initialized
19:50:36.447 [FXGL Launcher Thread     ] DEBUG FXGLExecutor         - Service [Executor] initialized
19:50:36.447 [FXGL Launcher Thread     ] DEBUG PreInitTask          - Injecting gameWorld & physicsWorld
19:50:36.452 [FXGL Launcher Thread     ] DEBUG GameWorld            - Game world initialized
19:50:36.485 [FXGL Launcher Thread     ] DEBUG FXGLPooler           - Service [Pooler] initialized with default size = 128
19:50:36.485 [FXGL Launcher Thread     ] DEBUG PhysicsWorld         - Physics world initialized: appHeight=600.0, physics.ppm=50.0
19:50:36.486 [FXGL Launcher Thread     ] DEBUG FXGLInput            - Service [Input] initialized
19:50:36.501 [FXGL Launcher Thread     ] DEBUG FXGLInput            - Registered new binding: Screenshot - P
19:50:36.501 [FXGL Launcher Thread     ] DEBUG FXGLInput            - Registered new binding: Dev Options - CTRL+0
19:50:36.502 [FXGL Launcher Thread     ] DEBUG FXGLInput            - Registered new binding: PLAYER LEFT - A
19:50:36.502 [FXGL Launcher Thread     ] DEBUG FXGLInput            - Registered new binding: PLAYER RIGHT - D
19:50:36.502 [FXGL Launcher Thread     ] DEBUG FXGLInput            - Registered new binding: SHOOT - Space
19:50:36.526 [FXGL Launcher Thread     ] DEBUG GameScene            - Game scene initialized: 800.0x600.0
19:50:36.532 [FXGL Launcher Thread     ] DEBUG FXGLAssetLoader      - Service [AssetLoader] initialized: cacheSize=35
19:50:36.534 [FXGL Launcher Thread     ] DEBUG FXGLAssetLoader      - Loading from disk: /assets/sounds/system/notification.wav
19:50:36.559 [FXGL Launcher Thread     ] DEBUG FXGLAssetLoader      - Loading from disk: /assets/sounds/menu/select.wav
19:50:36.561 [FXGL Launcher Thread     ] DEBUG FXGLAssetLoader      - Loading from disk: /assets/sounds/menu/back.wav
19:50:36.563 [FXGL Launcher Thread     ] DEBUG FXGLAssetLoader      - Loading from disk: /assets/sounds/menu/press.wav
19:50:36.565 [FXGL Launcher Thread     ] DEBUG FXGLAssetLoader      - Loading from disk: /assets/ui/fonts/Copperplate_Gothic_Light_Regular.ttf
19:50:36.575 [FXGL Launcher Thread     ] DEBUG FXGLAssetLoader      - Loading from disk: /assets/ui/css/fxgl.css
19:50:36.575 [FXGL Launcher Thread     ] DEBUG FXGLAssetLoader      - Loading from disk: /assets/ui/icons/fxgl_icon.png
19:50:36.604 [FXGL Launcher Thread     ] DEBUG FXGLAssetLoader      - Loading from disk: /assets/ui/css/fxgl_dark.css
19:50:36.618 [FXGL Launcher Thread     ] DEBUG FXGLDisplay          - Target size: DoubleProperty [value: 800.0] x DoubleProperty [value: 600.0] @ 1.0
19:50:36.618 [FXGL Launcher Thread     ] DEBUG FXGLDisplay          - New size:    800.0 x 600.0 @ DoubleProperty [value: 1.0]
19:50:36.618 [FXGL Launcher Thread     ] DEBUG FXGLDisplay          - Service [Display] initialized
19:50:36.619 [FXGL Launcher Thread     ] DEBUG FXGLDisplay          - Using CSS: CSS(externalForm=jar:file:/home/vidhur2k/Documents/Java%20Projects/SpaceInvaders/lib/fxgl-0.2.9-uber.jar!/assets/ui/css/fxgl_dark.css)
19:50:36.619 [FXGL Launcher Thread     ] DEBUG InitScenesTask       - Injecting loadingScene & gameScene
19:50:36.622 [FXGL Launcher Thread     ] DEBUG FXGLMasterTimer      - Service [MasterTimer] initialized
19:50:36.625 [FXGL Launcher Thread     ] DEBUG FXGLAudioPlayer      - Service [AudioPlayer] initialized
19:50:36.632 [FXGL Launcher Thread     ] DEBUG GameApplication      - Starting new game
19:50:36.634 [FXGL Launcher Thread     ] DEBUG GameApplication      - Initializing App
19:50:36.635 [FXGL Launcher Thread     ] DEBUG FXGLInput            - Clearing active input actions
19:50:36.635 [FXGL Launcher Thread     ] DEBUG FXGLMasterTimer      - Stopping master timer
19:50:36.635 [FXGL Launcher Thread     ] DEBUG GameApplication      - State: STARTUP -> PAUSED
19:50:36.636 [FXGL Launcher Thread     ] DEBUG FXGLEventBus         - Firing event: FXGLEvent[type=PAUSE]
19:50:36.637 [FXGL Launcher Thread     ] DEBUG FXGLInput            - Clearing active input actions
19:50:36.637 [FXGL Launcher Thread     ] DEBUG FXGLMasterTimer      - Resetting ticks and clearing all actions
19:50:36.637 [FXGL Launcher Thread     ] DEBUG GameWorld            - Resetting game world
19:50:36.637 [FXGL Launcher Thread     ] TRACE EntityWorld          - Resetting entity world
19:50:36.639 [FXGL Launcher Thread     ] DEBUG PhysicsWorld         - Resetting physics world
19:50:36.639 [FXGL Launcher Thread     ] DEBUG GameScene            - Resetting game scene
19:50:36.639 [FXGL Launcher Thread     ] DEBUG FXGLEventBus         - Firing event: FXGLEvent[type=RESET]
19:50:36.701 [FXGL Launcher Thread     ] DEBUG GameApplication      - State: PAUSED -> LOADING
19:50:36.726 [FXGL Background Thread 1 ] DEBUG InitAppTask          - Initializing Assets
19:50:36.728 [FXGL Background Thread 1 ] DEBUG FXGLAssetLoader      - Caching assets
19:50:36.736 [FXGL Background Thread 1 ] DEBUG FXGLAssetLoader      - Loading from disk: /assets/textures/enemy.png
19:50:36.739 [FXGL Background Thread 1 ] DEBUG FXGLAssetLoader      - Loading from disk: /assets/textures/player.png
19:50:36.740 [FXGL Background Thread 1 ] DEBUG FXGLAssetLoader      - Loading from disk: /assets/textures/enemy2.png
19:50:36.741 [FXGL Background Thread 1 ] DEBUG FXGLAssetLoader      - Loading from disk: /assets/textures/background.jpg
19:50:36.774 [JavaFX Application Thread] DEBUG FXGLDisplay          - Showing stage
19:50:36.775 [JavaFX Application Thread] DEBUG FXGLDisplay          - Root size: 800.0x600.0
19:50:36.775 [JavaFX Application Thread] DEBUG FXGLDisplay          - Scene size: 800.0x600.0
19:50:36.775 [JavaFX Application Thread] DEBUG FXGLDisplay          - Stage size: 800.0x600.0
19:50:36.986 [FXGL Background Thread 1 ] DEBUG FXGLAssetLoader      - Loading from cache: /assets/sounds/menu/back.wav
19:50:36.986 [FXGL Background Thread 1 ] DEBUG FXGLAssetLoader      - Loading from cache: /assets/sounds/menu/press.wav
19:50:36.986 [FXGL Background Thread 1 ] DEBUG FXGLAssetLoader      - Loading from cache: /assets/sounds/menu/select.wav
19:50:36.986 [FXGL Background Thread 1 ] DEBUG FXGLAssetLoader      - Loading from cache: /assets/sounds/system/notification.wav
19:50:37.178 [FXGL Background Thread 1 ] DEBUG FXGLAssetLoader      - Loading from disk: /assets/text/level1.txt
19:50:37.179 [FXGL Background Thread 1 ] DEBUG FXGLAssetLoader      - Loading from disk: /assets/text/level0.txt
19:50:37.367 [FXGL Background Thread 1 ] DEBUG FXGLAssetLoader      - Loading from cache: /assets/ui/fonts/Copperplate_Gothic_Light_Regular.ttf
19:50:37.602 [FXGL Background Thread 1 ] DEBUG FXGLAssetLoader      - Caching complete. Size: 11
19:50:37.602 [FXGL Background Thread 1 ] DEBUG InitAppTask          - Initializing Game
19:50:37.607 [FXGL Background Thread 1 ] DEBUG FXGLAssetLoader      - Loading from cache: /assets/text/level0.txt
19:50:37.669 [FXGL Background Thread 1 ] DEBUG FXGLAssetLoader      - Loading from cache: /assets/textures/enemy2.png
19:50:37.670 [FXGL Background Thread 1 ] DEBUG FXGLAssetLoader      - Loading from cache: /assets/textures/enemy.png
19:50:37.671 [FXGL Background Thread 1 ] DEBUG FXGLAssetLoader      - Loading from cache: /assets/textures/enemy2.png
19:50:37.695 [FXGL Background Thread 1 ] DEBUG FXGLAssetLoader      - Loading from cache: /assets/textures/player.png
19:50:37.696 [FXGL Background Thread 1 ] DEBUG GameWorld            - Resetting game world
19:50:37.696 [FXGL Background Thread 1 ] TRACE EntityWorld          - Resetting entity world
19:50:37.696 [FXGL Background Thread 1 ] DEBUG PhysicsWorld         - Resetting physics world
19:50:37.696 [FXGL Background Thread 1 ] DEBUG GameScene            - Resetting game scene
19:50:37.696 [FXGL Background Thread 1 ] DEBUG GameWorld            - Setting level: com.almasb.fxgl.gameplay.Level@7477ac85
19:50:37.697 [FXGL Background Thread 1 ] DEBUG FXGLAssetLoader      - Loading from cache: /assets/textures/background.jpg
19:50:37.698 [FXGL Background Thread 1 ] DEBUG InitAppTask          - Initializing Physics
19:50:37.699 [FXGL Background Thread 1 ] DEBUG InitAppTask          - Initializing UI
19:50:37.700 [FXGL Background Thread 1 ] DEBUG GameScene            - Adding UI node: Text[text="SPACE", x=0.0, y=0.0, alignment=LEFT, origin=BASELINE, boundsType=LOGICAL, font=Font[name=System Regular, family=System, style=Regular, size=24.0], fontSmoothingType=GRAY, fill=0x32cd32ff]
19:50:37.701 [FXGL Background Thread 1 ] DEBUG GameScene            - Adding UI node: Text[text="INVADERS", x=0.0, y=0.0, alignment=LEFT, origin=BASELINE, boundsType=LOGICAL, font=Font[name=System Regular, family=System, style=Regular, size=24.0], fontSmoothingType=GRAY, fill=0x32cd32ff]
19:50:37.701 [FXGL Background Thread 1 ] DEBUG GameScene            - Adding UI node: Text[text="Score: 0", x=0.0, y=0.0, alignment=LEFT, origin=BASELINE, boundsType=LOGICAL, font=Font[name=System Regular, family=System, style=Regular, size=18.0], fontSmoothingType=GRAY, fill=0x7fffd4ff]
19:50:37.701 [FXGL Background Thread 1 ] DEBUG GameScene            - Adding UI node: Text[text="Lives: 3", x=0.0, y=0.0, alignment=LEFT, origin=BASELINE, boundsType=LOGICAL, font=Font[name=System Regular, family=System, style=Regular, size=18.0], fontSmoothingType=GRAY, fill=0x7fffd4ff]
19:50:37.701 [FXGL Background Thread 1 ] DEBUG InitAppTask          - Initialization Complete
19:50:37.703 [JavaFX Application Thread] DEBUG FXGLInput            - Clearing active input actions
19:50:37.703 [JavaFX Application Thread] DEBUG FXGLMasterTimer      - Starting master timer
19:50:37.703 [JavaFX Application Thread] DEBUG GameApplication      - State: LOADING -> PLAYING
19:50:37.709 [JavaFX Application Thread] DEBUG FXGLEventBus         - Firing event: FXGLEvent[type=RESUME]
19:50:37.775 [JavaFX Application Thread] DEBUG GameScene            - Entity added to scene
19:50:37.776 [JavaFX Application Thread] DEBUG GameScene            - Added MainViewComponent
19:50:37.778 [JavaFX Application Thread] DEBUG GameScene            - Creating render group for layer: TOP(2147483647)
19:50:37.782 [JavaFX Application Thread] DEBUG GameScene            - Entity added to scene
19:50:37.782 [JavaFX Application Thread] DEBUG GameScene            - Added MainViewComponent
19:50:37.782 [JavaFX Application Thread] DEBUG GameScene            - Entity added to scene
19:50:37.782 [JavaFX Application Thread] DEBUG GameScene            - Added MainViewComponent
19:50:37.783 [JavaFX Application Thread] DEBUG GameScene            - Entity added to scene
19:50:37.783 [JavaFX Application Thread] DEBUG GameScene            - Added MainViewComponent
19:50:37.783 [JavaFX Application Thread] DEBUG GameScene            - Entity added to scene
19:50:37.783 [JavaFX Application Thread] DEBUG GameScene            - Added MainViewComponent
19:50:37.783 [JavaFX Application Thread] DEBUG GameScene            - Entity added to scene
19:50:37.783 [JavaFX Application Thread] DEBUG GameScene            - Added MainViewComponent
19:50:37.784 [JavaFX Application Thread] DEBUG GameScene            - Entity added to scene
19:50:37.784 [JavaFX Application Thread] DEBUG GameScene            - Added MainViewComponent
19:50:37.784 [JavaFX Application Thread] DEBUG GameScene            - Entity added to scene
19:50:37.784 [JavaFX Application Thread] DEBUG GameScene            - Added MainViewComponent
19:50:37.785 [JavaFX Application Thread] DEBUG GameScene            - Entity added to scene
19:50:37.785 [JavaFX Application Thread] DEBUG GameScene            - Added MainViewComponent
19:50:37.785 [JavaFX Application Thread] DEBUG GameScene            - Entity added to scene
19:50:37.785 [JavaFX Application Thread] DEBUG GameScene            - Added MainViewComponent
19:50:37.786 [JavaFX Application Thread] DEBUG GameScene            - Entity added to scene
19:50:37.786 [JavaFX Application Thread] DEBUG GameScene            - Added MainViewComponent
19:50:37.786 [JavaFX Application Thread] DEBUG GameScene            - Entity added to scene
19:50:37.786 [JavaFX Application Thread] DEBUG GameScene            - Added MainViewComponent
19:50:37.787 [JavaFX Application Thread] DEBUG GameScene            - Entity added to scene
19:50:37.787 [JavaFX Application Thread] DEBUG GameScene            - Added MainViewComponent
19:50:37.787 [JavaFX Application Thread] DEBUG GameScene            - Entity added to scene
19:50:37.787 [JavaFX Application Thread] DEBUG GameScene            - Added MainViewComponent
19:50:37.788 [JavaFX Application Thread] DEBUG GameScene            - Entity added to scene
19:50:37.788 [JavaFX Application Thread] DEBUG GameScene            - Added MainViewComponent
19:50:37.788 [JavaFX Application Thread] DEBUG GameScene            - Entity added to scene
19:50:37.788 [JavaFX Application Thread] DEBUG GameScene            - Added MainViewComponent
19:50:37.788 [JavaFX Application Thread] DEBUG GameScene            - Entity added to scene
19:50:37.788 [JavaFX Application Thread] DEBUG GameScene            - Added MainViewComponent
19:50:37.789 [JavaFX Application Thread] DEBUG GameScene            - Entity added to scene
19:50:37.789 [JavaFX Application Thread] DEBUG GameScene            - Added MainViewComponent
19:50:37.789 [JavaFX Application Thread] DEBUG GameScene            - Entity added to scene
19:50:37.789 [JavaFX Application Thread] DEBUG GameScene            - Added MainViewComponent
19:50:37.789 [JavaFX Application Thread] DEBUG GameScene            - Entity added to scene
19:50:37.789 [JavaFX Application Thread] DEBUG GameScene            - Added MainViewComponent
19:50:37.790 [JavaFX Application Thread] DEBUG GameScene            - Entity added to scene
19:50:37.790 [JavaFX Application Thread] DEBUG GameScene            - Added MainViewComponent
19:50:37.790 [JavaFX Application Thread] DEBUG GameScene            - Entity added to scene
19:50:37.790 [JavaFX Application Thread] DEBUG GameScene            - Added MainViewComponent
19:50:37.790 [JavaFX Application Thread] DEBUG GameScene            - Entity added to scene
19:50:37.790 [JavaFX Application Thread] DEBUG GameScene            - Added MainViewComponent
19:50:37.791 [JavaFX Application Thread] DEBUG GameScene            - Entity added to scene
19:50:37.791 [JavaFX Application Thread] DEBUG GameScene            - Added MainViewComponent
19:50:37.791 [JavaFX Application Thread] DEBUG GameScene            - Entity added to scene
19:50:37.791 [JavaFX Application Thread] DEBUG GameScene            - Added MainViewComponent
19:50:37.791 [JavaFX Application Thread] DEBUG GameScene            - Entity added to scene
19:50:37.791 [JavaFX Application Thread] DEBUG GameScene            - Added MainViewComponent
19:50:37.792 [JavaFX Application Thread] DEBUG GameScene            - Entity added to scene
19:50:37.792 [JavaFX Application Thread] DEBUG GameScene            - Added MainViewComponent
19:50:37.792 [JavaFX Application Thread] DEBUG GameScene            - Entity added to scene
19:50:37.792 [JavaFX Application Thread] DEBUG GameScene            - Added MainViewComponent
19:50:37.792 [JavaFX Application Thread] DEBUG GameScene            - Entity added to scene
19:50:37.792 [JavaFX Application Thread] DEBUG GameScene            - Added MainViewComponent
19:50:37.793 [JavaFX Application Thread] DEBUG GameScene            - Entity added to scene
19:50:37.793 [JavaFX Application Thread] DEBUG GameScene            - Added MainViewComponent
19:50:37.793 [JavaFX Application Thread] DEBUG GameScene            - Entity added to scene
19:50:37.793 [JavaFX Application Thread] DEBUG GameScene            - Added MainViewComponent
19:50:37.793 [JavaFX Application Thread] DEBUG GameScene            - Entity added to scene
19:50:37.793 [JavaFX Application Thread] DEBUG GameScene            - Added MainViewComponent
19:50:37.793 [JavaFX Application Thread] DEBUG GameScene            - Entity added to scene
19:50:37.794 [JavaFX Application Thread] DEBUG GameScene            - Added MainViewComponent
19:50:37.794 [JavaFX Application Thread] DEBUG GameScene            - Entity added to scene
19:50:37.794 [JavaFX Application Thread] DEBUG GameScene            - Added MainViewComponent
19:50:37.794 [JavaFX Application Thread] DEBUG GameScene            - Entity added to scene
19:50:37.794 [JavaFX Application Thread] DEBUG GameScene            - Added MainViewComponent
19:50:37.794 [JavaFX Application Thread] DEBUG GameScene            - Entity added to scene
19:50:37.794 [JavaFX Application Thread] DEBUG GameScene            - Added MainViewComponent
19:50:37.795 [JavaFX Application Thread] DEBUG GameScene            - Entity added to scene
19:50:37.795 [JavaFX Application Thread] DEBUG GameScene            - Added MainViewComponent
19:50:37.795 [JavaFX Application Thread] DEBUG GameScene            - Entity added to scene
19:50:37.795 [JavaFX Application Thread] DEBUG GameScene            - Added MainViewComponent
19:50:37.795 [JavaFX Application Thread] DEBUG GameScene            - Creating render group for layer: BACKGROUND(1000)
19:50:37.796 [JavaFX Application Thread] DEBUG GameScene            - Entity added to scene
19:50:37.796 [JavaFX Application Thread] DEBUG GameScene            - Added MainViewComponent
19:50:37.796 [JavaFX Application Thread] DEBUG GameScene            - Entity added to scene
19:50:37.796 [JavaFX Application Thread] DEBUG GameScene            - Added MainViewComponent
19:50:38.992 [JavaFX Application Thread] DEBUG GameScene            - Entity added to scene
19:50:38.992 [JavaFX Application Thread] DEBUG GameScene            - Added MainViewComponent
19:50:39.240 [JavaFX Application Thread] DEBUG GameScene            - Entity added to scene
19:50:39.240 [JavaFX Application Thread] DEBUG GameScene            - Added MainViewComponent
19:50:39.356 [JavaFX Application Thread] DEBUG GameScene            - Entity added to scene
19:50:39.356 [JavaFX Application Thread] DEBUG GameScene            - Added MainViewComponent
19:50:39.456 [JavaFX Application Thread] DEBUG GameScene            - Entity added to scene
19:50:39.456 [JavaFX Application Thread] DEBUG GameScene            - Added MainViewComponent
19:50:40.477 [JavaFX Application Thread] DEBUG GameScene            - Entity added to scene
19:50:40.477 [JavaFX Application Thread] DEBUG GameScene            - Added MainViewComponent
19:50:40.559 [JavaFX Application Thread] DEBUG GameScene            - Entity added to scene
19:50:40.559 [JavaFX Application Thread] DEBUG GameScene            - Added MainViewComponent
19:50:40.742 [JavaFX Application Thread] DEBUG GameScene            - Entity removed from scene
19:50:40.744 [JavaFX Application Thread] DEBUG GameScene            - Removed MainViewComponent
19:50:40.746 [JavaFX Application Thread] DEBUG GameScene            - Entity removed from scene
19:50:40.746 [JavaFX Application Thread] DEBUG GameScene            - Removed MainViewComponent
19:50:40.907 [JavaFX Application Thread] DEBUG GameScene            - Entity removed from scene
19:50:40.907 [JavaFX Application Thread] DEBUG GameScene            - Removed MainViewComponent
19:50:41.023 [JavaFX Application Thread] DEBUG GameScene            - Entity removed from scene
19:50:41.024 [JavaFX Application Thread] DEBUG GameScene            - Removed MainViewComponent
19:50:41.122 [JavaFX Application Thread] DEBUG GameScene            - Entity removed from scene
19:50:41.122 [JavaFX Application Thread] DEBUG GameScene            - Removed MainViewComponent
19:50:41.790 [JavaFX Application Thread] DEBUG GameScene            - Entity added to scene
19:50:41.790 [JavaFX Application Thread] DEBUG GameScene            - Added MainViewComponent
19:50:41.856 [JavaFX Application Thread] DEBUG GameScene            - Entity added to scene
19:50:41.856 [JavaFX Application Thread] DEBUG GameScene            - Added MainViewComponent
19:50:42.144 [JavaFX Application Thread] DEBUG GameScene            - Entity removed from scene
19:50:42.144 [JavaFX Application Thread] DEBUG GameScene            - Removed MainViewComponent
19:50:42.228 [JavaFX Application Thread] DEBUG GameScene            - Entity removed from scene
19:50:42.228 [JavaFX Application Thread] DEBUG GameScene            - Removed MainViewComponent
19:50:42.641 [JavaFX Application Thread] DEBUG GameScene            - Entity removed from scene
19:50:42.641 [JavaFX Application Thread] DEBUG GameScene            - Removed MainViewComponent
19:50:43.076 [JavaFX Application Thread] DEBUG GameScene            - Entity added to scene
19:50:43.076 [JavaFX Application Thread] DEBUG GameScene            - Added MainViewComponent
19:50:43.159 [JavaFX Application Thread] DEBUG GameScene            - Entity added to scene
19:50:43.159 [JavaFX Application Thread] DEBUG GameScene            - Added MainViewComponent
