19:42:26.698 [FXGL Launcher Thread     ] DEBUG FXGLLoggerFactory    - Service [LoggerFactory] initialized
19:42:26.701 [FXGL Launcher Thread     ] DEBUG FXGL                 - FXGL configuration complete
19:42:26.701 [FXGL Launcher Thread     ] DEBUG FXGL                 - Loading FXGL system data
19:42:26.703 [FXGL Launcher Thread     ] DEBUG IOTask               - Executing task: readDataTask(system/fxgl.bundle)
19:42:26.706 [FXGL Launcher Thread     ] DEBUG FS                   - Reading from: system/fxgl.bundle
19:42:26.714 [FXGL Launcher Thread     ] DEBUG IOTask               - Task succeeded: readDataTask(system/fxgl.bundle)
19:42:26.714 [FXGL Launcher Thread     ] DEBUG Bundle               - Logging bundle: FXGL
19:42:26.715 [FXGL Launcher Thread     ] DEBUG Bundle               - FXGL.offline.timer.version.check=2017-04-27T18:48:47.605
19:42:26.726 [FXGL Launcher Thread     ] DEBUG GameApplication      - Configuring GameApplication
19:42:26.730 [FXGL Launcher Thread     ] DEBUG FXGLExceptionHandler - Service [ExceptionHandler] initialized
19:42:26.730 [FXGL Launcher Thread     ] DEBUG FXGLEventBus         - Service [EventBus] initialized
19:42:26.732 [FXGL Launcher Thread     ] DEBUG FXGLExecutor         - Service [Executor] initialized
19:42:26.733 [FXGL Launcher Thread     ] DEBUG PreInitTask          - Injecting gameWorld & physicsWorld
19:42:26.737 [FXGL Launcher Thread     ] DEBUG GameWorld            - Game world initialized
19:42:26.773 [FXGL Launcher Thread     ] DEBUG FXGLPooler           - Service [Pooler] initialized with default size = 128
19:42:26.773 [FXGL Launcher Thread     ] DEBUG PhysicsWorld         - Physics world initialized: appHeight=600.0, physics.ppm=50.0
19:42:26.775 [FXGL Launcher Thread     ] DEBUG FXGLInput            - Service [Input] initialized
19:42:26.791 [FXGL Launcher Thread     ] DEBUG FXGLInput            - Registered new binding: Screenshot - P
19:42:26.792 [FXGL Launcher Thread     ] DEBUG FXGLInput            - Registered new binding: Dev Options - CTRL+0
19:42:26.792 [FXGL Launcher Thread     ] DEBUG FXGLInput            - Registered new binding: PLAYER LEFT - A
19:42:26.792 [FXGL Launcher Thread     ] DEBUG FXGLInput            - Registered new binding: PLAYER RIGHT - D
19:42:26.792 [FXGL Launcher Thread     ] DEBUG FXGLInput            - Registered new binding: SHOOT - Space
19:42:26.813 [FXGL Launcher Thread     ] DEBUG GameScene            - Game scene initialized: 800.0x600.0
19:42:26.819 [FXGL Launcher Thread     ] DEBUG FXGLAssetLoader      - Service [AssetLoader] initialized: cacheSize=35
19:42:26.821 [FXGL Launcher Thread     ] DEBUG FXGLAssetLoader      - Loading from disk: /assets/sounds/system/notification.wav
19:42:26.848 [FXGL Launcher Thread     ] DEBUG FXGLAssetLoader      - Loading from disk: /assets/sounds/menu/select.wav
19:42:26.850 [FXGL Launcher Thread     ] DEBUG FXGLAssetLoader      - Loading from disk: /assets/sounds/menu/back.wav
19:42:26.852 [FXGL Launcher Thread     ] DEBUG FXGLAssetLoader      - Loading from disk: /assets/sounds/menu/press.wav
19:42:26.854 [FXGL Launcher Thread     ] DEBUG FXGLAssetLoader      - Loading from disk: /assets/ui/fonts/Copperplate_Gothic_Light_Regular.ttf
19:42:26.869 [FXGL Launcher Thread     ] DEBUG FXGLAssetLoader      - Loading from disk: /assets/ui/css/fxgl.css
19:42:26.869 [FXGL Launcher Thread     ] DEBUG FXGLAssetLoader      - Loading from disk: /assets/ui/icons/fxgl_icon.png
19:42:26.912 [FXGL Launcher Thread     ] DEBUG FXGLAssetLoader      - Loading from disk: /assets/ui/css/fxgl_dark.css
19:42:26.922 [FXGL Launcher Thread     ] DEBUG FXGLDisplay          - Target size: DoubleProperty [value: 800.0] x DoubleProperty [value: 600.0] @ 1.0
19:42:26.922 [FXGL Launcher Thread     ] DEBUG FXGLDisplay          - New size:    800.0 x 600.0 @ DoubleProperty [value: 1.0]
19:42:26.922 [FXGL Launcher Thread     ] DEBUG FXGLDisplay          - Service [Display] initialized
19:42:26.923 [FXGL Launcher Thread     ] DEBUG FXGLDisplay          - Using CSS: CSS(externalForm=jar:file:/home/vidhur2k/Documents/Java%20Projects/SpaceInvaders/lib/fxgl-0.2.9-uber.jar!/assets/ui/css/fxgl_dark.css)
19:42:26.924 [FXGL Launcher Thread     ] DEBUG InitScenesTask       - Injecting loadingScene & gameScene
19:42:26.929 [FXGL Launcher Thread     ] DEBUG FXGLMasterTimer      - Service [MasterTimer] initialized
19:42:26.933 [FXGL Launcher Thread     ] DEBUG FXGLAudioPlayer      - Service [AudioPlayer] initialized
19:42:26.947 [FXGL Launcher Thread     ] DEBUG GameApplication      - Starting new game
19:42:26.949 [FXGL Launcher Thread     ] DEBUG GameApplication      - Initializing App
19:42:26.950 [FXGL Launcher Thread     ] DEBUG FXGLInput            - Clearing active input actions
19:42:26.951 [FXGL Launcher Thread     ] DEBUG FXGLMasterTimer      - Stopping master timer
19:42:26.951 [FXGL Launcher Thread     ] DEBUG GameApplication      - State: STARTUP -> PAUSED
19:42:26.951 [FXGL Launcher Thread     ] DEBUG FXGLEventBus         - Firing event: FXGLEvent[type=PAUSE]
19:42:26.953 [FXGL Launcher Thread     ] DEBUG FXGLInput            - Clearing active input actions
19:42:26.953 [FXGL Launcher Thread     ] DEBUG FXGLMasterTimer      - Resetting ticks and clearing all actions
19:42:26.953 [FXGL Launcher Thread     ] DEBUG GameWorld            - Resetting game world
19:42:26.953 [FXGL Launcher Thread     ] TRACE EntityWorld          - Resetting entity world
19:42:26.955 [FXGL Launcher Thread     ] DEBUG PhysicsWorld         - Resetting physics world
19:42:26.955 [FXGL Launcher Thread     ] DEBUG GameScene            - Resetting game scene
19:42:26.955 [FXGL Launcher Thread     ] DEBUG FXGLEventBus         - Firing event: FXGLEvent[type=RESET]
19:42:27.008 [FXGL Launcher Thread     ] DEBUG GameApplication      - State: PAUSED -> LOADING
19:42:27.045 [FXGL Background Thread 1 ] DEBUG InitAppTask          - Initializing Assets
19:42:27.046 [FXGL Background Thread 1 ] DEBUG FXGLAssetLoader      - Caching assets
19:42:27.056 [FXGL Background Thread 1 ] DEBUG FXGLAssetLoader      - Loading from disk: /assets/textures/enemy.png
19:42:27.058 [FXGL Background Thread 1 ] DEBUG FXGLAssetLoader      - Loading from disk: /assets/textures/player.png
19:42:27.059 [FXGL Background Thread 1 ] DEBUG FXGLAssetLoader      - Loading from disk: /assets/textures/enemy2.png
19:42:27.059 [FXGL Background Thread 1 ] DEBUG FXGLAssetLoader      - Loading from disk: /assets/textures/background.jpg
19:42:27.111 [JavaFX Application Thread] DEBUG FXGLDisplay          - Showing stage
19:42:27.111 [JavaFX Application Thread] DEBUG FXGLDisplay          - Root size: 800.0x600.0
19:42:27.111 [JavaFX Application Thread] DEBUG FXGLDisplay          - Scene size: 800.0x600.0
19:42:27.111 [JavaFX Application Thread] DEBUG FXGLDisplay          - Stage size: 800.0x600.0
19:42:27.298 [FXGL Background Thread 1 ] DEBUG FXGLAssetLoader      - Loading from cache: /assets/sounds/menu/back.wav
19:42:27.299 [FXGL Background Thread 1 ] DEBUG FXGLAssetLoader      - Loading from cache: /assets/sounds/menu/press.wav
19:42:27.299 [FXGL Background Thread 1 ] DEBUG FXGLAssetLoader      - Loading from cache: /assets/sounds/menu/select.wav
19:42:27.299 [FXGL Background Thread 1 ] DEBUG FXGLAssetLoader      - Loading from cache: /assets/sounds/system/notification.wav
19:42:27.500 [FXGL Background Thread 1 ] DEBUG FXGLAssetLoader      - Loading from disk: /assets/text/level1.txt
19:42:27.500 [FXGL Background Thread 1 ] DEBUG FXGLAssetLoader      - Loading from disk: /assets/text/level0.txt
19:42:27.685 [FXGL Background Thread 1 ] DEBUG FXGLAssetLoader      - Loading from cache: /assets/ui/fonts/Copperplate_Gothic_Light_Regular.ttf
19:42:27.869 [FXGL Background Thread 1 ] DEBUG FXGLAssetLoader      - Caching complete. Size: 11
19:42:27.869 [FXGL Background Thread 1 ] DEBUG InitAppTask          - Initializing Game
19:42:27.877 [FXGL Background Thread 1 ] DEBUG FXGLAssetLoader      - Loading from cache: /assets/text/level0.txt
19:42:27.911 [FXGL Background Thread 1 ] DEBUG FXGLAssetLoader      - Loading from cache: /assets/textures/enemy.png
19:42:27.915 [FXGL Background Thread 1 ] DEBUG FXGLAssetLoader      - Loading from cache: /assets/textures/enemy.png
19:42:27.916 [FXGL Background Thread 1 ] DEBUG FXGLAssetLoader      - Loading from cache: /assets/textures/enemy2.png
19:42:27.934 [FXGL Background Thread 1 ] DEBUG FXGLAssetLoader      - Loading from cache: /assets/textures/player.png
19:42:27.936 [FXGL Background Thread 1 ] DEBUG GameWorld            - Resetting game world
19:42:27.936 [FXGL Background Thread 1 ] TRACE EntityWorld          - Resetting entity world
19:42:27.936 [FXGL Background Thread 1 ] DEBUG PhysicsWorld         - Resetting physics world
19:42:27.936 [FXGL Background Thread 1 ] DEBUG GameScene            - Resetting game scene
19:42:27.936 [FXGL Background Thread 1 ] DEBUG GameWorld            - Setting level: com.almasb.fxgl.gameplay.Level@760fa61c
19:42:27.937 [FXGL Background Thread 1 ] DEBUG FXGLAssetLoader      - Loading from cache: /assets/textures/background.jpg
19:42:27.938 [FXGL Background Thread 1 ] DEBUG InitAppTask          - Initializing Physics
19:42:27.939 [FXGL Background Thread 1 ] DEBUG InitAppTask          - Initializing UI
19:42:27.944 [FXGL Background Thread 1 ] DEBUG GameScene            - Adding UI node: Text[text="SPACE", x=0.0, y=0.0, alignment=LEFT, origin=BASELINE, boundsType=LOGICAL, font=Font[name=System Regular, family=System, style=Regular, size=24.0], fontSmoothingType=GRAY, fill=0x32cd32ff]
19:42:27.945 [FXGL Background Thread 1 ] DEBUG GameScene            - Adding UI node: Text[text="INVADERS", x=0.0, y=0.0, alignment=LEFT, origin=BASELINE, boundsType=LOGICAL, font=Font[name=System Regular, family=System, style=Regular, size=24.0], fontSmoothingType=GRAY, fill=0x32cd32ff]
19:42:27.945 [FXGL Background Thread 1 ] DEBUG GameScene            - Adding UI node: Text[text="Score: 0", x=0.0, y=0.0, alignment=LEFT, origin=BASELINE, boundsType=LOGICAL, font=Font[name=System Regular, family=System, style=Regular, size=18.0], fontSmoothingType=GRAY, fill=0x7fffd4ff]
19:42:27.946 [FXGL Background Thread 1 ] DEBUG GameScene            - Adding UI node: Text[text="Lives: 3", x=0.0, y=0.0, alignment=LEFT, origin=BASELINE, boundsType=LOGICAL, font=Font[name=System Regular, family=System, style=Regular, size=18.0], fontSmoothingType=GRAY, fill=0x7fffd4ff]
19:42:27.946 [FXGL Background Thread 1 ] DEBUG InitAppTask          - Initialization Complete
19:42:27.949 [JavaFX Application Thread] DEBUG FXGLInput            - Clearing active input actions
19:42:27.949 [JavaFX Application Thread] DEBUG FXGLMasterTimer      - Starting master timer
19:42:27.949 [JavaFX Application Thread] DEBUG GameApplication      - State: LOADING -> PLAYING
19:42:27.954 [JavaFX Application Thread] DEBUG FXGLEventBus         - Firing event: FXGLEvent[type=RESUME]
19:42:28.002 [JavaFX Application Thread] DEBUG GameScene            - Entity added to scene
19:42:28.003 [JavaFX Application Thread] DEBUG GameScene            - Added MainViewComponent
19:42:28.004 [JavaFX Application Thread] DEBUG GameScene            - Creating render group for layer: TOP(2147483647)
19:42:28.009 [JavaFX Application Thread] DEBUG GameScene            - Entity added to scene
19:42:28.010 [JavaFX Application Thread] DEBUG GameScene            - Added MainViewComponent
19:42:28.010 [JavaFX Application Thread] DEBUG GameScene            - Entity added to scene
19:42:28.010 [JavaFX Application Thread] DEBUG GameScene            - Added MainViewComponent
19:42:28.011 [JavaFX Application Thread] DEBUG GameScene            - Entity added to scene
19:42:28.011 [JavaFX Application Thread] DEBUG GameScene            - Added MainViewComponent
19:42:28.012 [JavaFX Application Thread] DEBUG GameScene            - Entity added to scene
19:42:28.012 [JavaFX Application Thread] DEBUG GameScene            - Added MainViewComponent
19:42:28.013 [JavaFX Application Thread] DEBUG GameScene            - Entity added to scene
19:42:28.013 [JavaFX Application Thread] DEBUG GameScene            - Added MainViewComponent
19:42:28.013 [JavaFX Application Thread] DEBUG GameScene            - Entity added to scene
19:42:28.014 [JavaFX Application Thread] DEBUG GameScene            - Added MainViewComponent
19:42:28.014 [JavaFX Application Thread] DEBUG GameScene            - Entity added to scene
19:42:28.014 [JavaFX Application Thread] DEBUG GameScene            - Added MainViewComponent
19:42:28.015 [JavaFX Application Thread] DEBUG GameScene            - Entity added to scene
19:42:28.016 [JavaFX Application Thread] DEBUG GameScene            - Added MainViewComponent
19:42:28.016 [JavaFX Application Thread] DEBUG GameScene            - Entity added to scene
19:42:28.016 [JavaFX Application Thread] DEBUG GameScene            - Added MainViewComponent
19:42:28.016 [JavaFX Application Thread] DEBUG GameScene            - Entity added to scene
19:42:28.016 [JavaFX Application Thread] DEBUG GameScene            - Added MainViewComponent
19:42:28.017 [JavaFX Application Thread] DEBUG GameScene            - Entity added to scene
19:42:28.017 [JavaFX Application Thread] DEBUG GameScene            - Added MainViewComponent
19:42:28.017 [JavaFX Application Thread] DEBUG GameScene            - Entity added to scene
19:42:28.017 [JavaFX Application Thread] DEBUG GameScene            - Added MainViewComponent
19:42:28.018 [JavaFX Application Thread] DEBUG GameScene            - Entity added to scene
19:42:28.018 [JavaFX Application Thread] DEBUG GameScene            - Added MainViewComponent
19:42:28.018 [JavaFX Application Thread] DEBUG GameScene            - Entity added to scene
19:42:28.018 [JavaFX Application Thread] DEBUG GameScene            - Added MainViewComponent
19:42:28.019 [JavaFX Application Thread] DEBUG GameScene            - Entity added to scene
19:42:28.019 [JavaFX Application Thread] DEBUG GameScene            - Added MainViewComponent
19:42:28.019 [JavaFX Application Thread] DEBUG GameScene            - Entity added to scene
19:42:28.019 [JavaFX Application Thread] DEBUG GameScene            - Added MainViewComponent
19:42:28.019 [JavaFX Application Thread] DEBUG GameScene            - Entity added to scene
19:42:28.019 [JavaFX Application Thread] DEBUG GameScene            - Added MainViewComponent
19:42:28.020 [JavaFX Application Thread] DEBUG GameScene            - Entity added to scene
19:42:28.020 [JavaFX Application Thread] DEBUG GameScene            - Added MainViewComponent
19:42:28.020 [JavaFX Application Thread] DEBUG GameScene            - Entity added to scene
19:42:28.020 [JavaFX Application Thread] DEBUG GameScene            - Added MainViewComponent
19:42:28.020 [JavaFX Application Thread] DEBUG GameScene            - Entity added to scene
19:42:28.020 [JavaFX Application Thread] DEBUG GameScene            - Added MainViewComponent
19:42:28.021 [JavaFX Application Thread] DEBUG GameScene            - Entity added to scene
19:42:28.021 [JavaFX Application Thread] DEBUG GameScene            - Added MainViewComponent
19:42:28.021 [JavaFX Application Thread] DEBUG GameScene            - Entity added to scene
19:42:28.021 [JavaFX Application Thread] DEBUG GameScene            - Added MainViewComponent
19:42:28.021 [JavaFX Application Thread] DEBUG GameScene            - Entity added to scene
19:42:28.021 [JavaFX Application Thread] DEBUG GameScene            - Added MainViewComponent
19:42:28.022 [JavaFX Application Thread] DEBUG GameScene            - Entity added to scene
19:42:28.022 [JavaFX Application Thread] DEBUG GameScene            - Added MainViewComponent
19:42:28.022 [JavaFX Application Thread] DEBUG GameScene            - Entity added to scene
19:42:28.022 [JavaFX Application Thread] DEBUG GameScene            - Added MainViewComponent
19:42:28.022 [JavaFX Application Thread] DEBUG GameScene            - Entity added to scene
19:42:28.022 [JavaFX Application Thread] DEBUG GameScene            - Added MainViewComponent
19:42:28.023 [JavaFX Application Thread] DEBUG GameScene            - Entity added to scene
19:42:28.023 [JavaFX Application Thread] DEBUG GameScene            - Added MainViewComponent
19:42:28.023 [JavaFX Application Thread] DEBUG GameScene            - Entity added to scene
19:42:28.023 [JavaFX Application Thread] DEBUG GameScene            - Added MainViewComponent
19:42:28.023 [JavaFX Application Thread] DEBUG GameScene            - Entity added to scene
19:42:28.023 [JavaFX Application Thread] DEBUG GameScene            - Added MainViewComponent
19:42:28.024 [JavaFX Application Thread] DEBUG GameScene            - Entity added to scene
19:42:28.024 [JavaFX Application Thread] DEBUG GameScene            - Added MainViewComponent
19:42:28.024 [JavaFX Application Thread] DEBUG GameScene            - Entity added to scene
19:42:28.024 [JavaFX Application Thread] DEBUG GameScene            - Added MainViewComponent
19:42:28.024 [JavaFX Application Thread] DEBUG GameScene            - Entity added to scene
19:42:28.024 [JavaFX Application Thread] DEBUG GameScene            - Added MainViewComponent
19:42:28.024 [JavaFX Application Thread] DEBUG GameScene            - Entity added to scene
19:42:28.024 [JavaFX Application Thread] DEBUG GameScene            - Added MainViewComponent
19:42:28.025 [JavaFX Application Thread] DEBUG GameScene            - Entity added to scene
19:42:28.025 [JavaFX Application Thread] DEBUG GameScene            - Added MainViewComponent
19:42:28.025 [JavaFX Application Thread] DEBUG GameScene            - Entity added to scene
19:42:28.025 [JavaFX Application Thread] DEBUG GameScene            - Added MainViewComponent
19:42:28.025 [JavaFX Application Thread] DEBUG GameScene            - Entity added to scene
19:42:28.025 [JavaFX Application Thread] DEBUG GameScene            - Added MainViewComponent
19:42:28.026 [JavaFX Application Thread] DEBUG GameScene            - Entity added to scene
19:42:28.026 [JavaFX Application Thread] DEBUG GameScene            - Added MainViewComponent
19:42:28.026 [JavaFX Application Thread] DEBUG GameScene            - Creating render group for layer: BACKGROUND(1000)
19:42:28.027 [JavaFX Application Thread] DEBUG GameScene            - Entity added to scene
19:42:28.027 [JavaFX Application Thread] DEBUG GameScene            - Added MainViewComponent
19:42:28.027 [JavaFX Application Thread] DEBUG GameScene            - Entity added to scene
19:42:28.027 [JavaFX Application Thread] DEBUG GameScene            - Added MainViewComponent
19:42:29.341 [JavaFX Application Thread] DEBUG GameScene            - Entity added to scene
19:42:29.342 [JavaFX Application Thread] DEBUG GameScene            - Added MainViewComponent
19:42:29.358 [JavaFX Application Thread] DEBUG GameScene            - Entity added to scene
19:42:29.358 [JavaFX Application Thread] DEBUG GameScene            - Added MainViewComponent
19:42:29.508 [JavaFX Application Thread] DEBUG GameScene            - Entity added to scene
19:42:29.508 [JavaFX Application Thread] DEBUG GameScene            - Added MainViewComponent
19:42:30.226 [JavaFX Application Thread] DEBUG GameScene            - Entity removed from scene
19:42:30.227 [JavaFX Application Thread] DEBUG GameScene            - Removed MainViewComponent
19:42:30.659 [JavaFX Application Thread] DEBUG GameScene            - Entity added to scene
19:42:30.659 [JavaFX Application Thread] DEBUG GameScene            - Added MainViewComponent
19:42:30.676 [JavaFX Application Thread] DEBUG GameScene            - Entity added to scene
19:42:30.676 [JavaFX Application Thread] DEBUG GameScene            - Added MainViewComponent
19:42:30.840 [JavaFX Application Thread] DEBUG GameScene            - Entity added to scene
19:42:30.841 [JavaFX Application Thread] DEBUG GameScene            - Added MainViewComponent
19:42:31.006 [JavaFX Application Thread] DEBUG GameScene            - Entity removed from scene
19:42:31.007 [JavaFX Application Thread] DEBUG GameScene            - Removed MainViewComponent
19:42:31.172 [JavaFX Application Thread] DEBUG GameScene            - Entity removed from scene
19:42:31.172 [JavaFX Application Thread] DEBUG GameScene            - Removed MainViewComponent
19:42:31.557 [JavaFX Application Thread] DEBUG GameScene            - Entity removed from scene
19:42:31.557 [JavaFX Application Thread] DEBUG GameScene            - Removed MainViewComponent
19:42:31.921 [JavaFX Application Thread] DEBUG GameScene            - Entity added to scene
19:42:31.922 [JavaFX Application Thread] DEBUG GameScene            - Added MainViewComponent
19:42:31.971 [JavaFX Application Thread] DEBUG GameScene            - Entity added to scene
19:42:31.971 [JavaFX Application Thread] DEBUG GameScene            - Added MainViewComponent
19:42:32.022 [JavaFX Application Thread] DEBUG GameScene            - Entity added to scene
19:42:32.022 [JavaFX Application Thread] DEBUG GameScene            - Added MainViewComponent
19:42:32.321 [JavaFX Application Thread] DEBUG GameScene            - Entity removed from scene
19:42:32.322 [JavaFX Application Thread] DEBUG GameScene            - Removed MainViewComponent
19:42:32.504 [JavaFX Application Thread] DEBUG GameScene            - Entity removed from scene
19:42:32.504 [JavaFX Application Thread] DEBUG GameScene            - Removed MainViewComponent
19:42:32.771 [JavaFX Application Thread] DEBUG GameScene            - Entity removed from scene
19:42:32.771 [JavaFX Application Thread] DEBUG GameScene            - Removed MainViewComponent
19:42:32.909 [JavaFX Application Thread] DEBUG GameScene            - Entity added to scene
19:42:32.910 [JavaFX Application Thread] DEBUG GameScene            - Added MainViewComponent
19:42:33.208 [JavaFX Application Thread] DEBUG GameScene            - Entity added to scene
19:42:33.209 [JavaFX Application Thread] DEBUG GameScene            - Added MainViewComponent
19:42:33.241 [JavaFX Application Thread] DEBUG GameScene            - Entity added to scene
19:42:33.241 [JavaFX Application Thread] DEBUG GameScene            - Added MainViewComponent
19:42:33.375 [JavaFX Application Thread] DEBUG GameScene            - Entity added to scene
19:42:33.375 [JavaFX Application Thread] DEBUG GameScene            - Added MainViewComponent
19:42:33.641 [JavaFX Application Thread] DEBUG GameScene            - Entity removed from scene
19:42:33.641 [JavaFX Application Thread] DEBUG GameScene            - Removed MainViewComponent
19:42:33.692 [JavaFX Application Thread] DEBUG GameScene            - Entity removed from scene
19:42:33.692 [JavaFX Application Thread] DEBUG GameScene            - Removed MainViewComponent
19:42:34.222 [JavaFX Application Thread] DEBUG GameScene            - Entity removed from scene
19:42:34.223 [JavaFX Application Thread] DEBUG GameScene            - Removed MainViewComponent
19:42:34.355 [JavaFX Application Thread] DEBUG GameScene            - Entity added to scene
19:42:34.355 [JavaFX Application Thread] DEBUG GameScene            - Added MainViewComponent
19:42:34.489 [JavaFX Application Thread] DEBUG GameScene            - Entity added to scene
19:42:34.490 [JavaFX Application Thread] DEBUG GameScene            - Added MainViewComponent
19:42:34.573 [JavaFX Application Thread] DEBUG GameScene            - Entity added to scene
19:42:34.574 [JavaFX Application Thread] DEBUG GameScene            - Added MainViewComponent
19:42:34.871 [JavaFX Application Thread] DEBUG GameScene            - Entity removed from scene
19:42:34.871 [JavaFX Application Thread] DEBUG GameScene            - Removed MainViewComponent
19:42:34.905 [JavaFX Application Thread] DEBUG GameScene            - Entity removed from scene
19:42:34.905 [JavaFX Application Thread] DEBUG GameScene            - Removed MainViewComponent
19:42:35.438 [JavaFX Application Thread] DEBUG GameScene            - Entity removed from scene
19:42:35.438 [JavaFX Application Thread] DEBUG GameScene            - Removed MainViewComponent
19:42:35.571 [JavaFX Application Thread] DEBUG GameScene            - Entity added to scene
19:42:35.572 [JavaFX Application Thread] DEBUG GameScene            - Added MainViewComponent
19:42:35.839 [JavaFX Application Thread] DEBUG GameScene            - Entity added to scene
19:42:35.840 [JavaFX Application Thread] DEBUG GameScene            - Added MainViewComponent
19:42:35.890 [JavaFX Application Thread] DEBUG GameScene            - Entity added to scene
19:42:35.890 [JavaFX Application Thread] DEBUG GameScene            - Added MainViewComponent
19:42:36.023 [JavaFX Application Thread] DEBUG GameScene            - Entity removed from scene
19:42:36.024 [JavaFX Application Thread] DEBUG GameScene            - Removed MainViewComponent
19:42:36.155 [JavaFX Application Thread] DEBUG GameScene            - Entity removed from scene
19:42:36.155 [JavaFX Application Thread] DEBUG GameScene            - Removed MainViewComponent
19:42:36.755 [JavaFX Application Thread] DEBUG GameScene            - Entity removed from scene
19:42:36.755 [JavaFX Application Thread] DEBUG GameScene            - Removed MainViewComponent
19:42:36.806 [JavaFX Application Thread] DEBUG GameScene            - Entity added to scene
19:42:36.806 [JavaFX Application Thread] DEBUG GameScene            - Added MainViewComponent
19:42:36.838 [JavaFX Application Thread] DEBUG GameScene            - Entity added to scene
19:42:36.838 [JavaFX Application Thread] DEBUG GameScene            - Added MainViewComponent
19:42:37.104 [JavaFX Application Thread] DEBUG GameScene            - Entity added to scene
19:42:37.105 [JavaFX Application Thread] DEBUG GameScene            - Added MainViewComponent
19:42:37.106 [JavaFX Application Thread] DEBUG GameScene            - Entity removed from scene
19:42:37.106 [JavaFX Application Thread] DEBUG GameScene            - Removed MainViewComponent
19:42:37.504 [JavaFX Application Thread] DEBUG GameScene            - Entity removed from scene
19:42:37.504 [JavaFX Application Thread] DEBUG GameScene            - Removed MainViewComponent
19:42:37.588 [JavaFX Application Thread] DEBUG GameScene            - Entity removed from scene
19:42:37.588 [JavaFX Application Thread] DEBUG GameScene            - Removed MainViewComponent
19:42:37.589 [JavaFX Application Thread] DEBUG GameScene            - Entity removed from scene
19:42:37.589 [JavaFX Application Thread] DEBUG GameScene            - Removed MainViewComponent
19:42:37.722 [JavaFX Application Thread] DEBUG GameScene            - Entity added to scene
19:42:37.723 [JavaFX Application Thread] DEBUG GameScene            - Added MainViewComponent
19:42:38.040 [JavaFX Application Thread] DEBUG GameScene            - Entity added to scene
19:42:38.040 [JavaFX Application Thread] DEBUG GameScene            - Added MainViewComponent
19:42:38.390 [JavaFX Application Thread] DEBUG GameScene            - Entity added to scene
19:42:38.390 [JavaFX Application Thread] DEBUG GameScene            - Added MainViewComponent
19:42:38.390 [JavaFX Application Thread] DEBUG GameScene            - Entity added to scene
19:42:38.390 [JavaFX Application Thread] DEBUG GameScene            - Added MainViewComponent
19:42:38.771 [JavaFX Application Thread] DEBUG GameScene            - Entity removed from scene
19:42:38.771 [JavaFX Application Thread] DEBUG GameScene            - Removed MainViewComponent
19:42:39.156 [JavaFX Application Thread] DEBUG GameScene            - Entity added to scene
19:42:39.156 [JavaFX Application Thread] DEBUG GameScene            - Added MainViewComponent
19:42:39.256 [JavaFX Application Thread] DEBUG GameScene            - Entity removed from scene
19:42:39.256 [JavaFX Application Thread] DEBUG GameScene            - Removed MainViewComponent
19:42:39.389 [JavaFX Application Thread] DEBUG GameScene            - Entity added to scene
19:42:39.389 [JavaFX Application Thread] DEBUG GameScene            - Added MainViewComponent
19:42:39.389 [JavaFX Application Thread] DEBUG GameScene            - Entity removed from scene
19:42:39.389 [JavaFX Application Thread] DEBUG GameScene            - Removed MainViewComponent
19:42:39.690 [JavaFX Application Thread] DEBUG GameScene            - Entity added to scene
19:42:39.690 [JavaFX Application Thread] DEBUG GameScene            - Added MainViewComponent
19:42:39.706 [JavaFX Application Thread] DEBUG GameScene            - Entity removed from scene
19:42:39.706 [JavaFX Application Thread] DEBUG GameScene            - Removed MainViewComponent
19:42:40.009 [JavaFX Application Thread] DEBUG GameScene            - Entity removed from scene
19:42:40.009 [JavaFX Application Thread] DEBUG GameScene            - Removed MainViewComponent
19:42:40.309 [JavaFX Application Thread] DEBUG GameScene            - Entity added to scene
19:42:40.309 [JavaFX Application Thread] DEBUG GameScene            - Added MainViewComponent
19:42:40.757 [JavaFX Application Thread] DEBUG GameScene            - Entity added to scene
19:42:40.757 [JavaFX Application Thread] DEBUG GameScene            - Added MainViewComponent
19:42:40.973 [JavaFX Application Thread] DEBUG GameScene            - Entity added to scene
19:42:40.973 [JavaFX Application Thread] DEBUG GameScene            - Added MainViewComponent
19:42:41.055 [JavaFX Application Thread] DEBUG GameScene            - Entity removed from scene
19:42:41.055 [JavaFX Application Thread] DEBUG GameScene            - Removed MainViewComponent
19:42:41.357 [JavaFX Application Thread] DEBUG GameScene            - Entity removed from scene
19:42:41.357 [JavaFX Application Thread] DEBUG GameScene            - Removed MainViewComponent
19:42:41.607 [JavaFX Application Thread] DEBUG GameScene            - Entity removed from scene
19:42:41.607 [JavaFX Application Thread] DEBUG GameScene            - Removed MainViewComponent
19:42:41.692 [JavaFX Application Thread] DEBUG GameScene            - Entity added to scene
19:42:41.692 [JavaFX Application Thread] DEBUG GameScene            - Added MainViewComponent
19:42:41.973 [JavaFX Application Thread] DEBUG GameScene            - Entity added to scene
19:42:41.974 [JavaFX Application Thread] DEBUG GameScene            - Added MainViewComponent
19:42:41.975 [JavaFX Application Thread] DEBUG GameScene            - Entity removed from scene
19:42:41.975 [JavaFX Application Thread] DEBUG GameScene            - Removed MainViewComponent
19:42:42.007 [JavaFX Application Thread] DEBUG GameScene            - Entity added to scene
19:42:42.007 [JavaFX Application Thread] DEBUG GameScene            - Added MainViewComponent
19:42:42.323 [JavaFX Application Thread] DEBUG GameScene            - Entity added to scene
19:42:42.324 [JavaFX Application Thread] DEBUG GameScene            - Added MainViewComponent
19:42:42.638 [JavaFX Application Thread] DEBUG GameScene            - Entity removed from scene
19:42:42.638 [JavaFX Application Thread] DEBUG GameScene            - Removed MainViewComponent
19:42:42.841 [JavaFX Application Thread] DEBUG GameScene            - Entity removed from scene
19:42:42.841 [JavaFX Application Thread] DEBUG GameScene            - Removed MainViewComponent
19:42:43.272 [JavaFX Application Thread] DEBUG GameScene            - Entity added to scene
19:42:43.272 [JavaFX Application Thread] DEBUG GameScene            - Added MainViewComponent
19:42:43.557 [JavaFX Application Thread] DEBUG GameScene            - Entity added to scene
19:42:43.557 [JavaFX Application Thread] DEBUG GameScene            - Added MainViewComponent
19:42:43.640 [JavaFX Application Thread] DEBUG GameScene            - Entity added to scene
19:42:43.640 [JavaFX Application Thread] DEBUG GameScene            - Added MainViewComponent
19:42:43.673 [JavaFX Application Thread] DEBUG GameScene            - Entity removed from scene
19:42:43.673 [JavaFX Application Thread] DEBUG GameScene            - Removed MainViewComponent
19:42:43.989 [JavaFX Application Thread] DEBUG GameScene            - Entity removed from scene
19:42:43.989 [JavaFX Application Thread] DEBUG GameScene            - Removed MainViewComponent
19:42:44.123 [JavaFX Application Thread] DEBUG GameScene            - Entity removed from scene
19:42:44.123 [JavaFX Application Thread] DEBUG GameScene            - Removed MainViewComponent
19:42:44.757 [JavaFX Application Thread] DEBUG GameScene            - Entity added to scene
19:42:44.757 [JavaFX Application Thread] DEBUG GameScene            - Added MainViewComponent
19:42:44.845 [JavaFX Application Thread] DEBUG GameScene            - Entity added to scene
19:42:44.845 [JavaFX Application Thread] DEBUG GameScene            - Added MainViewComponent
19:42:44.894 [JavaFX Application Thread] DEBUG GameScene            - Entity added to scene
19:42:44.894 [JavaFX Application Thread] DEBUG GameScene            - Added MainViewComponent
19:42:45.174 [JavaFX Application Thread] DEBUG GameScene            - Entity removed from scene
19:42:45.175 [JavaFX Application Thread] DEBUG GameScene            - Removed MainViewComponent
19:42:45.224 [JavaFX Application Thread] DEBUG GameScene            - Entity removed from scene
19:42:45.224 [JavaFX Application Thread] DEBUG GameScene            - Removed MainViewComponent
19:42:45.623 [JavaFX Application Thread] DEBUG GameScene            - Entity removed from scene
19:42:45.624 [JavaFX Application Thread] DEBUG GameScene            - Removed MainViewComponent
19:42:45.973 [JavaFX Application Thread] DEBUG GameScene            - Entity added to scene
19:42:45.974 [JavaFX Application Thread] DEBUG GameScene            - Added MainViewComponent
19:42:45.976 [JavaFX Application Thread] DEBUG GameScene            - Entity added to scene
19:42:45.976 [JavaFX Application Thread] DEBUG GameScene            - Added MainViewComponent
19:42:46.173 [JavaFX Application Thread] DEBUG GameScene            - Entity added to scene
19:42:46.173 [JavaFX Application Thread] DEBUG GameScene            - Added MainViewComponent
19:42:46.367 [JavaFX Application Thread] DEBUG FXGLEventBus         - Firing event: DisplayEvent[type=DIALOG_OPENED]
19:42:46.368 [JavaFX Application Thread] DEBUG FXGLInput            - Clearing active input actions
19:42:46.368 [JavaFX Application Thread] DEBUG FXGLMasterTimer      - Stopping master timer
19:42:46.368 [JavaFX Application Thread] DEBUG GameApplication      - State: PLAYING -> PAUSED
19:42:46.368 [JavaFX Application Thread] DEBUG FXGLEventBus         - Firing event: FXGLEvent[type=PAUSE]
19:42:46.368 [JavaFX Application Thread] DEBUG FXGLInput            - Clearing active input actions
19:42:50.444 [JavaFX Application Thread] DEBUG FXGLEventBus         - Firing event: DisplayEvent[type=DIALOG_CLOSED]
19:42:50.444 [JavaFX Application Thread] DEBUG FXGLInput            - Clearing active input actions
19:42:50.444 [JavaFX Application Thread] DEBUG FXGLMasterTimer      - Starting master timer
19:42:50.444 [JavaFX Application Thread] DEBUG GameApplication      - State: PAUSED -> PLAYING
19:42:50.444 [JavaFX Application Thread] DEBUG FXGLEventBus         - Firing event: FXGLEvent[type=RESUME]
19:42:50.445 [JavaFX Application Thread] DEBUG FXGLEventBus         - Firing event: FXGLEvent[type=EXIT]
19:42:50.446 [JavaFX Application Thread] DEBUG FXGL                 - Saving FXGL system data
19:42:50.447 [JavaFX Application Thread] DEBUG IOTask               - Executing task: writeDataTask(system/fxgl.bundle)
19:42:50.448 [JavaFX Application Thread] DEBUG FS                   - Writing to: system/fxgl.bundle
19:42:50.451 [JavaFX Application Thread] DEBUG IOTask               - Task succeeded: writeDataTask(system/fxgl.bundle)
19:42:50.452 [JavaFX Application Thread] DEBUG GameScene            - Entity removed from scene
19:42:50.452 [JavaFX Application Thread] DEBUG GameScene            - Removed MainViewComponent
